==27956== Memcheck, a memory error detector
==27956== Copyright (C) 2002-2015, and GNU GPL'd, by Julian Seward et al.
==27956== Using Valgrind-3.12.0 and LibVEX; rerun with -h for copyright info
==27956== Command: ./Nvr_Control
==27956== Parent PID: 2524
==27956== 
==27956== Invalid write of size 8
==27956==    at 0x31FD608C43: pthread_mutex_init (in /lib64/libpthread-2.12.so)
==27956==    by 0x66F50A0: dhplay::CSFMutex::CSFMutex() (SFMutex.cpp:35)
==27956==    by 0x67450E4: __static_initialization_and_destruction_0(int, int) (thirdDecrypt.cpp:13)
==27956==    by 0x674517E: global constructors keyed to thirdDecrypt.cpp (thirdDecrypt.cpp:336)
==27956==    by 0x67EDA95: ??? (in /home/sfx/dahua/so/libdhplay.so)
==27956==    by 0x66D092A: ??? (in /home/sfx/dahua/so/libdhplay.so)
==27956==  Address 0x9bc0f20 is 0 bytes after a block of size 32 alloc'd
==27956==    at 0x4A0700E: operator new(unsigned long, std::nothrow_t const&) (vg_replace_malloc.c:375)
==27956==    by 0x66F5065: dhplay::CSFMutex::CSFMutex() (SFMutex.cpp:25)
==27956==    by 0x67450E4: __static_initialization_and_destruction_0(int, int) (thirdDecrypt.cpp:13)
==27956==    by 0x674517E: global constructors keyed to thirdDecrypt.cpp (thirdDecrypt.cpp:336)
==27956==    by 0x67EDA95: ??? (in /home/sfx/dahua/so/libdhplay.so)
==27956==    by 0x66D092A: ??? (in /home/sfx/dahua/so/libdhplay.so)
==27956== 
==27956== Invalid write of size 8
==27956==    at 0x31FD608C43: pthread_mutex_init (in /lib64/libpthread-2.12.so)
==27956==    by 0x66F50A0: dhplay::CSFMutex::CSFMutex() (SFMutex.cpp:35)
==27956==    by 0x6745142: __static_initialization_and_destruction_0(int, int) (thirdDecrypt.cpp:163)
==27956==    by 0x674517E: global constructors keyed to thirdDecrypt.cpp (thirdDecrypt.cpp:336)
==27956==    by 0x67EDA95: ??? (in /home/sfx/dahua/so/libdhplay.so)
==27956==    by 0x66D092A: ??? (in /home/sfx/dahua/so/libdhplay.so)
==27956==  Address 0x9bc0f80 is 0 bytes after a block of size 32 alloc'd
==27956==    at 0x4A0700E: operator new(unsigned long, std::nothrow_t const&) (vg_replace_malloc.c:375)
==27956==    by 0x66F5065: dhplay::CSFMutex::CSFMutex() (SFMutex.cpp:25)
==27956==    by 0x6745142: __static_initialization_and_destruction_0(int, int) (thirdDecrypt.cpp:163)
==27956==    by 0x674517E: global constructors keyed to thirdDecrypt.cpp (thirdDecrypt.cpp:336)
==27956==    by 0x67EDA95: ??? (in /home/sfx/dahua/so/libdhplay.so)
==27956==    by 0x66D092A: ??? (in /home/sfx/dahua/so/libdhplay.so)
==27956== 
==27956== Invalid write of size 8
==27956==    at 0x31FD608C43: pthread_mutex_init (in /lib64/libpthread-2.12.so)
==27956==    by 0x66F50A0: dhplay::CSFMutex::CSFMutex() (SFMutex.cpp:35)
==27956==    by 0x670941B: __static_initialization_and_destruction_0(int, int) (PlayTimer.cpp:9)
==27956==    by 0x6709450: global constructors keyed to PlayTimer.cpp (PlayTimer.cpp:222)
==27956==    by 0x67EDA95: ??? (in /home/sfx/dahua/so/libdhplay.so)
==27956==    by 0x66D092A: ??? (in /home/sfx/dahua/so/libdhplay.so)
==27956==  Address 0x9bc0fe0 is 0 bytes after a block of size 32 alloc'd
==27956==    at 0x4A0700E: operator new(unsigned long, std::nothrow_t const&) (vg_replace_malloc.c:375)
==27956==    by 0x66F5065: dhplay::CSFMutex::CSFMutex() (SFMutex.cpp:25)
==27956==    by 0x670941B: __static_initialization_and_destruction_0(int, int) (PlayTimer.cpp:9)
==27956==    by 0x6709450: global constructors keyed to PlayTimer.cpp (PlayTimer.cpp:222)
==27956==    by 0x67EDA95: ??? (in /home/sfx/dahua/so/libdhplay.so)
==27956==    by 0x66D092A: ??? (in /home/sfx/dahua/so/libdhplay.so)
==27956== 
==27956== Invalid write of size 8
==27956==    at 0x31FD608C43: pthread_mutex_init (in /lib64/libpthread-2.12.so)
==27956==    by 0x66F50A0: dhplay::CSFMutex::CSFMutex() (SFMutex.cpp:35)
==27956==    by 0x66F036E: __static_initialization_and_destruction_0(int, int) (ImageConvert.cpp:11)
==27956==    by 0x66F03A3: global constructors keyed to ImageConvert.cpp (ImageConvert.cpp:199)
==27956==    by 0x67EDA95: ??? (in /home/sfx/dahua/so/libdhplay.so)
==27956==    by 0x66D092A: ??? (in /home/sfx/dahua/so/libdhplay.so)
==27956==  Address 0x9bc1040 is 0 bytes after a block of size 32 alloc'd
==27956==    at 0x4A0700E: operator new(unsigned long, std::nothrow_t const&) (vg_replace_malloc.c:375)
==27956==    by 0x66F5065: dhplay::CSFMutex::CSFMutex() (SFMutex.cpp:25)
==27956==    by 0x66F036E: __static_initialization_and_destruction_0(int, int) (ImageConvert.cpp:11)
==27956==    by 0x66F03A3: global constructors keyed to ImageConvert.cpp (ImageConvert.cpp:199)
==27956==    by 0x67EDA95: ??? (in /home/sfx/dahua/so/libdhplay.so)
==27956==    by 0x66D092A: ??? (in /home/sfx/dahua/so/libdhplay.so)
==27956== 
==27956== Invalid write of size 8
==27956==    at 0x31FD608C43: pthread_mutex_init (in /lib64/libpthread-2.12.so)
==27956==    by 0x66F50A0: dhplay::CSFMutex::CSFMutex() (SFMutex.cpp:35)
==27956==    by 0x66E5F5A: dhplay::CPortMgr::CPortMgr() (portmanager.cpp:9)
==27956==    by 0x66E5E7E: __static_initialization_and_destruction_0(int, int) (dhplay.cpp:54)
==27956==    by 0x66E5EE2: global constructors keyed to dhplay.cpp (dhplay.cpp:4011)
==27956==    by 0x67EDA95: ??? (in /home/sfx/dahua/so/libdhplay.so)
==27956==    by 0x66D092A: ??? (in /home/sfx/dahua/so/libdhplay.so)
==27956==  Address 0x9bc10a0 is 0 bytes after a block of size 32 alloc'd
==27956==    at 0x4A0700E: operator new(unsigned long, std::nothrow_t const&) (vg_replace_malloc.c:375)
==27956==    by 0x66F5065: dhplay::CSFMutex::CSFMutex() (SFMutex.cpp:25)
==27956==    by 0x66E5F5A: dhplay::CPortMgr::CPortMgr() (portmanager.cpp:9)
==27956==    by 0x66E5E7E: __static_initialization_and_destruction_0(int, int) (dhplay.cpp:54)
==27956==    by 0x66E5EE2: global constructors keyed to dhplay.cpp (dhplay.cpp:4011)
==27956==    by 0x67EDA95: ??? (in /home/sfx/dahua/so/libdhplay.so)
==27956==    by 0x66D092A: ??? (in /home/sfx/dahua/so/libdhplay.so)
==27956== 
==27956== Invalid write of size 8
==27956==    at 0x31FD608C43: pthread_mutex_init (in /lib64/libpthread-2.12.so)
==27956==    by 0x66F50A0: dhplay::CSFMutex::CSFMutex() (SFMutex.cpp:35)
==27956==    by 0x66E5FC0: dhplay::CPortMgr::CPortMgr() (portmanager.cpp:9)
==27956==    by 0x66E5E7E: __static_initialization_and_destruction_0(int, int) (dhplay.cpp:54)
==27956==    by 0x66E5EE2: global constructors keyed to dhplay.cpp (dhplay.cpp:4011)
==27956==    by 0x67EDA95: ??? (in /home/sfx/dahua/so/libdhplay.so)
==27956==    by 0x66D092A: ??? (in /home/sfx/dahua/so/libdhplay.so)
==27956==  Address 0x9bcd0a0 is 0 bytes after a block of size 32 alloc'd
==27956==    at 0x4A0700E: operator new(unsigned long, std::nothrow_t const&) (vg_replace_malloc.c:375)
==27956==    by 0x66F5065: dhplay::CSFMutex::CSFMutex() (SFMutex.cpp:25)
==27956==    by 0x66E5FC0: dhplay::CPortMgr::CPortMgr() (portmanager.cpp:9)
==27956==    by 0x66E5E7E: __static_initialization_and_destruction_0(int, int) (dhplay.cpp:54)
==27956==    by 0x66E5EE2: global constructors keyed to dhplay.cpp (dhplay.cpp:4011)
==27956==    by 0x67EDA95: ??? (in /home/sfx/dahua/so/libdhplay.so)
==27956==    by 0x66D092A: ??? (in /home/sfx/dahua/so/libdhplay.so)
==27956== 
==27956== Invalid write of size 8
==27956==    at 0x31FD608C43: pthread_mutex_init (in /lib64/libpthread-2.12.so)
==27956==    by 0x66F50A0: dhplay::CSFMutex::CSFMutex() (SFMutex.cpp:35)
==27956==    by 0x66E5FF2: dhplay::CPortMgr::CPortMgr() (portmanager.cpp:9)
==27956==    by 0x66E5E7E: __static_initialization_and_destruction_0(int, int) (dhplay.cpp:54)
==27956==    by 0x66E5EE2: global constructors keyed to dhplay.cpp (dhplay.cpp:4011)
==27956==    by 0x67EDA95: ??? (in /home/sfx/dahua/so/libdhplay.so)
==27956==    by 0x66D092A: ??? (in /home/sfx/dahua/so/libdhplay.so)
==27956==  Address 0x9bcd100 is 0 bytes after a block of size 32 alloc'd
==27956==    at 0x4A0700E: operator new(unsigned long, std::nothrow_t const&) (vg_replace_malloc.c:375)
==27956==    by 0x66F5065: dhplay::CSFMutex::CSFMutex() (SFMutex.cpp:25)
==27956==    by 0x66E5FF2: dhplay::CPortMgr::CPortMgr() (portmanager.cpp:9)
==27956==    by 0x66E5E7E: __static_initialization_and_destruction_0(int, int) (dhplay.cpp:54)
==27956==    by 0x66E5EE2: global constructors keyed to dhplay.cpp (dhplay.cpp:4011)
==27956==    by 0x67EDA95: ??? (in /home/sfx/dahua/so/libdhplay.so)
==27956==    by 0x66D092A: ??? (in /home/sfx/dahua/so/libdhplay.so)
==27956== 
==27956== Invalid write of size 8
==27956==    at 0x31FD608C43: pthread_mutex_init (in /lib64/libpthread-2.12.so)
==27956==    by 0x66F50A0: dhplay::CSFMutex::CSFMutex() (SFMutex.cpp:35)
==27956==    by 0x66E5EAD: __static_initialization_and_destruction_0(int, int) (dhplay.cpp:3856)
==27956==    by 0x66E5EE2: global constructors keyed to dhplay.cpp (dhplay.cpp:4011)
==27956==    by 0x67EDA95: ??? (in /home/sfx/dahua/so/libdhplay.so)
==27956==    by 0x66D092A: ??? (in /home/sfx/dahua/so/libdhplay.so)
==27956==  Address 0x9bcd320 is 0 bytes after a block of size 32 alloc'd
==27956==    at 0x4A0700E: operator new(unsigned long, std::nothrow_t const&) (vg_replace_malloc.c:375)
==27956==    by 0x66F5065: dhplay::CSFMutex::CSFMutex() (SFMutex.cpp:25)
==27956==    by 0x66E5EAD: __static_initialization_and_destruction_0(int, int) (dhplay.cpp:3856)
==27956==    by 0x66E5EE2: global constructors keyed to dhplay.cpp (dhplay.cpp:4011)
==27956==    by 0x67EDA95: ??? (in /home/sfx/dahua/so/libdhplay.so)
==27956==    by 0x66D092A: ??? (in /home/sfx/dahua/so/libdhplay.so)
==27956== 
==27956== Source and destination overlap in strcpy(0x68b860, 0x68b860)
==27956==    at 0x4A088D8: strcpy (vg_replace_strmem.c:506)
==27956==    by 0x4669B6: PubFun::GetDataBaseInfoFromConfigFile(char*, char*, char*, char*) (pub.cpp:150)
==27956==    by 0x40915F: main (main.cpp:173)
==27956== 
==27956== Source and destination overlap in strcpy(0x68b7a0, 0x68b7a0)
==27956==    at 0x4A088D8: strcpy (vg_replace_strmem.c:506)
==27956==    by 0x4669F4: PubFun::GetDataBaseInfoFromConfigFile(char*, char*, char*, char*) (pub.cpp:152)
==27956==    by 0x40915F: main (main.cpp:173)
==27956== 
==27956== Source and destination overlap in strcpy(0x68b7e0, 0x68b7e0)
==27956==    at 0x4A088D8: strcpy (vg_replace_strmem.c:506)
==27956==    by 0x466A32: PubFun::GetDataBaseInfoFromConfigFile(char*, char*, char*, char*) (pub.cpp:155)
==27956==    by 0x40915F: main (main.cpp:173)
==27956== 
==27956== Source and destination overlap in strcpy(0x68b820, 0x68b820)
==27956==    at 0x4A088D8: strcpy (vg_replace_strmem.c:506)
==27956==    by 0x466A70: PubFun::GetDataBaseInfoFromConfigFile(char*, char*, char*, char*) (pub.cpp:157)
==27956==    by 0x40915F: main (main.cpp:173)
==27956== 
==27956== Thread 2:
==27956== Mismatched free() / delete / delete []
==27956==    at 0x4A0628A: operator delete[](void*) (vg_replace_malloc.c:619)
==27956==    by 0x4622D6: IpcTable::DeleteSpaceIpc(IPC_ITEM_TBL**) (ipcControl_Table.cpp:378)
==27956==    by 0x4637A3: ipccontrol::DM_GetIpcInfo(int, int, int&) (ipcControl.cpp:417)
==27956==    by 0x45C87C: downLoad::DM_DownLoadByTime(int, int, int, NET_TIME, NET_TIME, std::string, std::string) (DownloadControl.cpp:231)
==27956==    by 0x430C45: mons__DownLoadByTime(soap*, int, int, int, mons__DownloadTime, mons__DownloadTime, std::string, std::string, mons__DownloadTimeResponse&) (C_SoapFunction.cpp:75)
==27956==    by 0x4581E8: soap_serve_mons__DownLoadByTime(soap*) (soapServer.cpp:178)
==27956==    by 0x4578DC: soap_serve_request (soapServer.cpp:64)
==27956==    by 0x4577B3: soap_serve (soapServer.cpp:36)
==27956==    by 0x432B6A: process_request(void*) (C_SoapServer.cpp:136)
==27956==    by 0x409567: Webservicefunc(C_ThreadData*) (C_ThreadManage.cpp:23)
==27956==    by 0x40960F: Threadfunc(void*) (C_ThreadManage.cpp:50)
==27956==    by 0x31FD607850: start_thread (in /lib64/libpthread-2.12.so)
==27956==  Address 0x9dda890 is 0 bytes inside a block of size 112 alloc'd
==27956==    at 0x4A07D75: operator new(unsigned long) (vg_replace_malloc.c:332)
==27956==    by 0x461D92: IpcTable::NewSpaceIpc(IPC_ITEM_TBL**) (ipcControl_Table.cpp:280)
==27956==    by 0x4636AF: ipccontrol::DM_GetIpcInfo(int, int, int&) (ipcControl.cpp:402)
==27956==    by 0x45C87C: downLoad::DM_DownLoadByTime(int, int, int, NET_TIME, NET_TIME, std::string, std::string) (DownloadControl.cpp:231)
==27956==    by 0x430C45: mons__DownLoadByTime(soap*, int, int, int, mons__DownloadTime, mons__DownloadTime, std::string, std::string, mons__DownloadTimeResponse&) (C_SoapFunction.cpp:75)
==27956==    by 0x4581E8: soap_serve_mons__DownLoadByTime(soap*) (soapServer.cpp:178)
==27956==    by 0x4578DC: soap_serve_request (soapServer.cpp:64)
==27956==    by 0x4577B3: soap_serve (soapServer.cpp:36)
==27956==    by 0x432B6A: process_request(void*) (C_SoapServer.cpp:136)
==27956==    by 0x409567: Webservicefunc(C_ThreadData*) (C_ThreadManage.cpp:23)
==27956==    by 0x40960F: Threadfunc(void*) (C_ThreadManage.cpp:50)
==27956==    by 0x31FD607850: start_thread (in /lib64/libpthread-2.12.so)
==27956== 
==27956== Thread 23:
==27956== Syscall param rt_sigaction(act->sa_mask) points to uninitialised byte(s)
==27956==    at 0x31FD60F61E: __libc_sigaction (in /lib64/libpthread-2.12.so)
==27956==    by 0x59F875C: NET_TOOL::TPTCPClient::ProcessSocket(fd_set&, fd_set&, int) (in /home/sfx/dahua/so/libdhnetsdk.so)
==27956==    by 0x59F5AA2: NET_TOOL::TP_RoutineThread(void*) (in /home/sfx/dahua/so/libdhnetsdk.so)
==27956==    by 0x31FD607850: start_thread (in /lib64/libpthread-2.12.so)
==27956==    by 0x31FCEE767C: clone (in /lib64/libc-2.12.so)
==27956==  Address 0x18b69ab8 is on thread 23's stack
==27956==  in frame #0, created by __libc_sigaction (???:)
==27956==  Uninitialised value was created by a stack allocation
==27956==    at 0x59F831D: NET_TOOL::TPTCPClient::ProcessSocket(fd_set&, fd_set&, int) (in /home/sfx/dahua/so/libdhnetsdk.so)
==27956== 
==27956== Syscall param rt_sigaction(act->sa_flags) points to uninitialised byte(s)
==27956==    at 0x31FD60F61E: __libc_sigaction (in /lib64/libpthread-2.12.so)
==27956==    by 0x59F875C: NET_TOOL::TPTCPClient::ProcessSocket(fd_set&, fd_set&, int) (in /home/sfx/dahua/so/libdhnetsdk.so)
==27956==    by 0x59F5AA2: NET_TOOL::TP_RoutineThread(void*) (in /home/sfx/dahua/so/libdhnetsdk.so)
==27956==    by 0x31FD607850: start_thread (in /lib64/libpthread-2.12.so)
==27956==    by 0x31FCEE767C: clone (in /lib64/libc-2.12.so)
==27956==  Address 0x18b69aa8 is on thread 23's stack
==27956==  in frame #0, created by __libc_sigaction (???:)
==27956==  Uninitialised value was created by a stack allocation
==27956==    at 0x59F831D: NET_TOOL::TPTCPClient::ProcessSocket(fd_set&, fd_set&, int) (in /home/sfx/dahua/so/libdhnetsdk.so)
==27956== 
==27956== Thread 2:
==27956== Source and destination overlap in strncpy(0x1d4169fd, 0x1d4169fd, 781)
==27956==    at 0x4A08A8F: strncpy (vg_replace_strmem.c:545)
==27956==    by 0x5975D35: split_str(char const*, char*, char*, char const*, unsigned long) (in /home/sfx/dahua/so/libdhnetsdk.so)
==27956==    by 0x597ACCA: CStrParse::doParse() (in /home/sfx/dahua/so/libdhnetsdk.so)
==27956==    by 0x597A970: CStrParse::Parse(std::string const&) (in /home/sfx/dahua/so/libdhnetsdk.so)
==27956==    by 0x5517C89: CDevConfig::GetDevFunctionInfo(long, int, char*, int, int*, int) (in /home/sfx/dahua/so/libdhnetsdk.so)
==27956==    by 0x56A084C: CManager::GetDevAbility(afk_device_s*) (in /home/sfx/dahua/so/libdhnetsdk.so)
==27956==    by 0x56977B9: CManager::Login_DevEx(char const*, int, char const*, char const*, int, void*, NET_DEVICEINFO*, int*, int*, int) (in /home/sfx/dahua/so/libdhnetsdk.so)
==27956==    by 0x5697390: CManager::Login_Dev(char const*, int, char const*, char const*, NET_DEVICEINFO*, int*, int*, int) (in /home/sfx/dahua/so/libdhnetsdk.so)
==27956==    by 0x560F471: CLIENT_Login (in /home/sfx/dahua/so/libdhnetsdk.so)
==27956==    by 0x45B765: NvrControl::DM_Login(std::string, unsigned short, std::string, std::string) (Nvr_Control.cpp:25)
==27956==    by 0x45CC54: downLoad::DM_DownLoadByTime(int, int, int, NET_TIME, NET_TIME, std::string, std::string) (DownloadControl.cpp:276)
==27956==    by 0x430C45: mons__DownLoadByTime(soap*, int, int, int, mons__DownloadTime, mons__DownloadTime, std::string, std::string, mons__DownloadTimeResponse&) (C_SoapFunction.cpp:75)
==27956== 
==27956== Mismatched free() / delete / delete []
==27956==    at 0x4A0628A: operator delete[](void*) (vg_replace_malloc.c:619)
==27956==    by 0x469B26: downloadtable::DeleteSpaceDownload(DOWNLOAD_ITEM_TBL**) (Download_Table.cpp:462)
==27956==    by 0x45DD41: downLoad::DM_DownLoadByTime(int, int, int, NET_TIME, NET_TIME, std::string, std::string) (DownloadControl.cpp:730)
==27956==    by 0x430C45: mons__DownLoadByTime(soap*, int, int, int, mons__DownloadTime, mons__DownloadTime, std::string, std::string, mons__DownloadTimeResponse&) (C_SoapFunction.cpp:75)
==27956==    by 0x4581E8: soap_serve_mons__DownLoadByTime(soap*) (soapServer.cpp:178)
==27956==    by 0x4578DC: soap_serve_request (soapServer.cpp:64)
==27956==    by 0x4577B3: soap_serve (soapServer.cpp:36)
==27956==    by 0x432B6A: process_request(void*) (C_SoapServer.cpp:136)
==27956==    by 0x409567: Webservicefunc(C_ThreadData*) (C_ThreadManage.cpp:23)
==27956==    by 0x40960F: Threadfunc(void*) (C_ThreadManage.cpp:50)
==27956==    by 0x31FD607850: start_thread (in /lib64/libpthread-2.12.so)
==27956==    by 0x31FCEE767C: clone (in /lib64/libc-2.12.so)
==27956==  Address 0x9e34e50 is 0 bytes inside a block of size 112 alloc'd
==27956==    at 0x4A07D75: operator new(unsigned long) (vg_replace_malloc.c:332)
==27956==    by 0x4695E2: downloadtable::NewSpaceDownload(DOWNLOAD_ITEM_TBL**) (Download_Table.cpp:364)
==27956==    by 0x45D68E: downLoad::DM_DownLoadByTime(int, int, int, NET_TIME, NET_TIME, std::string, std::string) (DownloadControl.cpp:688)
==27956==    by 0x430C45: mons__DownLoadByTime(soap*, int, int, int, mons__DownloadTime, mons__DownloadTime, std::string, std::string, mons__DownloadTimeResponse&) (C_SoapFunction.cpp:75)
==27956==    by 0x4581E8: soap_serve_mons__DownLoadByTime(soap*) (soapServer.cpp:178)
==27956==    by 0x4578DC: soap_serve_request (soapServer.cpp:64)
==27956==    by 0x4577B3: soap_serve (soapServer.cpp:36)
==27956==    by 0x432B6A: process_request(void*) (C_SoapServer.cpp:136)
==27956==    by 0x409567: Webservicefunc(C_ThreadData*) (C_ThreadManage.cpp:23)
==27956==    by 0x40960F: Threadfunc(void*) (C_ThreadManage.cpp:50)
==27956==    by 0x31FD607850: start_thread (in /lib64/libpthread-2.12.so)
==27956==    by 0x31FCEE767C: clone (in /lib64/libc-2.12.so)
==27956== 
==27956== Mismatched free() / delete / delete []
==27956==    at 0x4A0628A: operator delete[](void*) (vg_replace_malloc.c:619)
==27956==    by 0x469B26: downloadtable::DeleteSpaceDownload(DOWNLOAD_ITEM_TBL**) (Download_Table.cpp:462)
==27956==    by 0x45FAA9: downLoad::DeleteSpaceDeviceDownloadInfo(_DOWNLOAD_INFO**) (DownloadControl.cpp:1117)
==27956==    by 0x430E18: mons__DownLoadByTime(soap*, int, int, int, mons__DownloadTime, mons__DownloadTime, std::string, std::string, mons__DownloadTimeResponse&) (C_SoapFunction.cpp:102)
==27956==    by 0x4581E8: soap_serve_mons__DownLoadByTime(soap*) (soapServer.cpp:178)
==27956==    by 0x4578DC: soap_serve_request (soapServer.cpp:64)
==27956==    by 0x4577B3: soap_serve (soapServer.cpp:36)
==27956==    by 0x432B6A: process_request(void*) (C_SoapServer.cpp:136)
==27956==    by 0x409567: Webservicefunc(C_ThreadData*) (C_ThreadManage.cpp:23)
==27956==    by 0x40960F: Threadfunc(void*) (C_ThreadManage.cpp:50)
==27956==    by 0x31FD607850: start_thread (in /lib64/libpthread-2.12.so)
==27956==    by 0x31FCEE767C: clone (in /lib64/libc-2.12.so)
==27956==  Address 0x9f321e0 is 0 bytes inside a block of size 112 alloc'd
==27956==    at 0x4A07D75: operator new(unsigned long) (vg_replace_malloc.c:332)
==27956==    by 0x4695E2: downloadtable::NewSpaceDownload(DOWNLOAD_ITEM_TBL**) (Download_Table.cpp:364)
==27956==    by 0x45FA61: downLoad::NewSpaceDeviceDownloadInfo(_DOWNLOAD_INFO**) (DownloadControl.cpp:1106)
==27956==    by 0x430CB9: mons__DownLoadByTime(soap*, int, int, int, mons__DownloadTime, mons__DownloadTime, std::string, std::string, mons__DownloadTimeResponse&) (C_SoapFunction.cpp:78)
==27956==    by 0x4581E8: soap_serve_mons__DownLoadByTime(soap*) (soapServer.cpp:178)
==27956==    by 0x4578DC: soap_serve_request (soapServer.cpp:64)
==27956==    by 0x4577B3: soap_serve (soapServer.cpp:36)
==27956==    by 0x432B6A: process_request(void*) (C_SoapServer.cpp:136)
==27956==    by 0x409567: Webservicefunc(C_ThreadData*) (C_ThreadManage.cpp:23)
==27956==    by 0x40960F: Threadfunc(void*) (C_ThreadManage.cpp:50)
==27956==    by 0x31FD607850: start_thread (in /lib64/libpthread-2.12.so)
==27956==    by 0x31FCEE767C: clone (in /lib64/libc-2.12.so)
==27956== 
==27956== Thread 56:
==27956== Invalid write of size 8
==27956==    at 0x31FD608C43: pthread_mutex_init (in /lib64/libpthread-2.12.so)
==27956==    by 0x66F50A0: dhplay::CSFMutex::CSFMutex() (SFMutex.cpp:35)
==27956==    by 0x672C95C: dhplay::CFileStreamSource::CFileStreamSource() (FileStreamSource.cpp:19)
==27956==    by 0x671A653: dhplay::CPlayGraph::CPlayGraph(int) (playgraph.cpp:45)
==27956==    by 0x66E644E: dhplay::CPortMgr::GetPlayGraph(unsigned int) (portmanager.cpp:39)
==27956==    by 0x66DAC48: PLAY_SetStreamOpenMode (dhplay.cpp:918)
==27956==    by 0x45C370: startConvert(std::string) (DownloadControl.cpp:166)
==27956==    by 0x45EDEC: ConvertPackageFormat(void*) (DownloadControl.cpp:930)
==27956==    by 0x31FD607850: start_thread (in /lib64/libpthread-2.12.so)
==27956==    by 0x31FCEE767C: clone (in /lib64/libc-2.12.so)
==27956==  Address 0x1dbfbea0 is 0 bytes after a block of size 32 alloc'd
==27956==    at 0x4A0700E: operator new(unsigned long, std::nothrow_t const&) (vg_replace_malloc.c:375)
==27956==    by 0x66F5065: dhplay::CSFMutex::CSFMutex() (SFMutex.cpp:25)
==27956==    by 0x672C95C: dhplay::CFileStreamSource::CFileStreamSource() (FileStreamSource.cpp:19)
==27956==    by 0x671A653: dhplay::CPlayGraph::CPlayGraph(int) (playgraph.cpp:45)
==27956==    by 0x66E644E: dhplay::CPortMgr::GetPlayGraph(unsigned int) (portmanager.cpp:39)
==27956==    by 0x66DAC48: PLAY_SetStreamOpenMode (dhplay.cpp:918)
==27956==    by 0x45C370: startConvert(std::string) (DownloadControl.cpp:166)
==27956==    by 0x45EDEC: ConvertPackageFormat(void*) (DownloadControl.cpp:930)
==27956==    by 0x31FD607850: start_thread (in /lib64/libpthread-2.12.so)
==27956==    by 0x31FCEE767C: clone (in /lib64/libc-2.12.so)
==27956== 
==27956== Invalid write of size 8
==27956==    at 0x31FD608C43: pthread_mutex_init (in /lib64/libpthread-2.12.so)
==27956==    by 0x66F50A0: dhplay::CSFMutex::CSFMutex() (SFMutex.cpp:35)
==27956==    by 0x67330E4: dhplay::CFrameQueue::CFrameQueue(dhplay::IFileSeek*) (FrameQueue.cpp:14)
==27956==    by 0x672C979: dhplay::CFileStreamSource::CFileStreamSource() (FileStreamSource.cpp:19)
==27956==    by 0x671A653: dhplay::CPlayGraph::CPlayGraph(int) (playgraph.cpp:45)
==27956==    by 0x66E644E: dhplay::CPortMgr::GetPlayGraph(unsigned int) (portmanager.cpp:39)
==27956==    by 0x66DAC48: PLAY_SetStreamOpenMode (dhplay.cpp:918)
==27956==    by 0x45C370: startConvert(std::string) (DownloadControl.cpp:166)
==27956==    by 0x45EDEC: ConvertPackageFormat(void*) (DownloadControl.cpp:930)
==27956==    by 0x31FD607850: start_thread (in /lib64/libpthread-2.12.so)
==27956==    by 0x31FCEE767C: clone (in /lib64/libc-2.12.so)
==27956==  Address 0x1d882a10 is 0 bytes after a block of size 32 alloc'd
==27956==    at 0x4A0700E: operator new(unsigned long, std::nothrow_t const&) (vg_replace_malloc.c:375)
==27956==    by 0x66F5065: dhplay::CSFMutex::CSFMutex() (SFMutex.cpp:25)
==27956==    by 0x67330E4: dhplay::CFrameQueue::CFrameQueue(dhplay::IFileSeek*) (FrameQueue.cpp:14)
==27956==    by 0x672C979: dhplay::CFileStreamSource::CFileStreamSource() (FileStreamSource.cpp:19)
==27956==    by 0x671A653: dhplay::CPlayGraph::CPlayGraph(int) (playgraph.cpp:45)
==27956==    by 0x66E644E: dhplay::CPortMgr::GetPlayGraph(unsigned int) (portmanager.cpp:39)
==27956==    by 0x66DAC48: PLAY_SetStreamOpenMode (dhplay.cpp:918)
==27956==    by 0x45C370: startConvert(std::string) (DownloadControl.cpp:166)
==27956==    by 0x45EDEC: ConvertPackageFormat(void*) (DownloadControl.cpp:930)
==27956==    by 0x31FD607850: start_thread (in /lib64/libpthread-2.12.so)
==27956==    by 0x31FCEE767C: clone (in /lib64/libc-2.12.so)
==27956== 
==27956== Invalid write of size 8
==27956==    at 0x31FD608C43: pthread_mutex_init (in /lib64/libpthread-2.12.so)
==27956==    by 0x66F50A0: dhplay::CSFMutex::CSFMutex() (SFMutex.cpp:35)
==27956==    by 0x672C98B: dhplay::CFileStreamSource::CFileStreamSource() (FileStreamSource.cpp:19)
==27956==    by 0x671A653: dhplay::CPlayGraph::CPlayGraph(int) (playgraph.cpp:45)
==27956==    by 0x66E644E: dhplay::CPortMgr::GetPlayGraph(unsigned int) (portmanager.cpp:39)
==27956==    by 0x66DAC48: PLAY_SetStreamOpenMode (dhplay.cpp:918)
==27956==    by 0x45C370: startConvert(std::string) (DownloadControl.cpp:166)
==27956==    by 0x45EDEC: ConvertPackageFormat(void*) (DownloadControl.cpp:930)
==27956==    by 0x31FD607850: start_thread (in /lib64/libpthread-2.12.so)
==27956==    by 0x31FCEE767C: clone (in /lib64/libc-2.12.so)
==27956==  Address 0x1dbfbf80 is 0 bytes after a block of size 32 alloc'd
==27956==    at 0x4A0700E: operator new(unsigned long, std::nothrow_t const&) (vg_replace_malloc.c:375)
==27956==    by 0x66F5065: dhplay::CSFMutex::CSFMutex() (SFMutex.cpp:25)
==27956==    by 0x672C98B: dhplay::CFileStreamSource::CFileStreamSource() (FileStreamSource.cpp:19)
==27956==    by 0x671A653: dhplay::CPlayGraph::CPlayGraph(int) (playgraph.cpp:45)
==27956==    by 0x66E644E: dhplay::CPortMgr::GetPlayGraph(unsigned int) (portmanager.cpp:39)
==27956==    by 0x66DAC48: PLAY_SetStreamOpenMode (dhplay.cpp:918)
==27956==    by 0x45C370: startConvert(std::string) (DownloadControl.cpp:166)
==27956==    by 0x45EDEC: ConvertPackageFormat(void*) (DownloadControl.cpp:930)
==27956==    by 0x31FD607850: start_thread (in /lib64/libpthread-2.12.so)
==27956==    by 0x31FCEE767C: clone (in /lib64/libc-2.12.so)
==27956== 
==27956== Invalid write of size 8
==27956==    at 0x31FD608C43: pthread_mutex_init (in /lib64/libpthread-2.12.so)
==27956==    by 0x66F50A0: dhplay::CSFMutex::CSFMutex() (SFMutex.cpp:35)
==27956==    by 0x673155A: dhplay::CRawAudioManager::CRawAudioManager() (RawAudioManager.cpp:9)
==27956==    by 0x672C9D3: dhplay::CFileStreamSource::CFileStreamSource() (FileStreamSource.cpp:19)
==27956==    by 0x671A653: dhplay::CPlayGraph::CPlayGraph(int) (playgraph.cpp:45)
==27956==    by 0x66E644E: dhplay::CPortMgr::GetPlayGraph(unsigned int) (portmanager.cpp:39)
==27956==    by 0x66DAC48: PLAY_SetStreamOpenMode (dhplay.cpp:918)
==27956==    by 0x45C370: startConvert(std::string) (DownloadControl.cpp:166)
==27956==    by 0x45EDEC: ConvertPackageFormat(void*) (DownloadControl.cpp:930)
==27956==    by 0x31FD607850: start_thread (in /lib64/libpthread-2.12.so)
==27956==    by 0x31FCEE767C: clone (in /lib64/libc-2.12.so)
==27956==  Address 0x1dbfc030 is 0 bytes after a block of size 32 alloc'd
==27956==    at 0x4A0700E: operator new(unsigned long, std::nothrow_t const&) (vg_replace_malloc.c:375)
==27956==    by 0x66F5065: dhplay::CSFMutex::CSFMutex() (SFMutex.cpp:25)
==27956==    by 0x673155A: dhplay::CRawAudioManager::CRawAudioManager() (RawAudioManager.cpp:9)
==27956==    by 0x672C9D3: dhplay::CFileStreamSource::CFileStreamSource() (FileStreamSource.cpp:19)
==27956==    by 0x671A653: dhplay::CPlayGraph::CPlayGraph(int) (playgraph.cpp:45)
==27956==    by 0x66E644E: dhplay::CPortMgr::GetPlayGraph(unsigned int) (portmanager.cpp:39)
==27956==    by 0x66DAC48: PLAY_SetStreamOpenMode (dhplay.cpp:918)
==27956==    by 0x45C370: startConvert(std::string) (DownloadControl.cpp:166)
==27956==    by 0x45EDEC: ConvertPackageFormat(void*) (DownloadControl.cpp:930)
==27956==    by 0x31FD607850: start_thread (in /lib64/libpthread-2.12.so)
==27956==    by 0x31FCEE767C: clone (in /lib64/libc-2.12.so)
==27956== 
==27956== Invalid write of size 8
==27956==    at 0x31FD608C43: pthread_mutex_init (in /lib64/libpthread-2.12.so)
==27956==    by 0x66F50A0: dhplay::CSFMutex::CSFMutex() (SFMutex.cpp:35)
==27956==    by 0x672ADD1: dhplay::CNetStreamSource::CNetStreamSource() (NetStreamSource.cpp:10)
==27956==    by 0x671A665: dhplay::CPlayGraph::CPlayGraph(int) (playgraph.cpp:45)
==27956==    by 0x66E644E: dhplay::CPortMgr::GetPlayGraph(unsigned int) (portmanager.cpp:39)
==27956==    by 0x66DAC48: PLAY_SetStreamOpenMode (dhplay.cpp:918)
==27956==    by 0x45C370: startConvert(std::string) (DownloadControl.cpp:166)
==27956==    by 0x45EDEC: ConvertPackageFormat(void*) (DownloadControl.cpp:930)
==27956==    by 0x31FD607850: start_thread (in /lib64/libpthread-2.12.so)
==27956==    by 0x31FCEE767C: clone (in /lib64/libc-2.12.so)
==27956==  Address 0x1d8830b0 is 0 bytes after a block of size 32 alloc'd
==27956==    at 0x4A0700E: operator new(unsigned long, std::nothrow_t const&) (vg_replace_malloc.c:375)
==27956==    by 0x66F5065: dhplay::CSFMutex::CSFMutex() (SFMutex.cpp:25)
==27956==    by 0x672ADD1: dhplay::CNetStreamSource::CNetStreamSource() (NetStreamSource.cpp:10)
==27956==    by 0x671A665: dhplay::CPlayGraph::CPlayGraph(int) (playgraph.cpp:45)
==27956==    by 0x66E644E: dhplay::CPortMgr::GetPlayGraph(unsigned int) (portmanager.cpp:39)
==27956==    by 0x66DAC48: PLAY_SetStreamOpenMode (dhplay.cpp:918)
==27956==    by 0x45C370: startConvert(std::string) (DownloadControl.cpp:166)
==27956==    by 0x45EDEC: ConvertPackageFormat(void*) (DownloadControl.cpp:930)
==27956==    by 0x31FD607850: start_thread (in /lib64/libpthread-2.12.so)
==27956==    by 0x31FCEE767C: clone (in /lib64/libc-2.12.so)
==27956== 
==27956== Invalid write of size 8
==27956==    at 0x31FD608C43: pthread_mutex_init (in /lib64/libpthread-2.12.so)
==27956==    by 0x66F50A0: dhplay::CSFMutex::CSFMutex() (SFMutex.cpp:35)
==27956==    by 0x6710811: dhplay::CVideoDecode::CVideoDecode() (VideoDecode.cpp:41)
==27956==    by 0x671A677: dhplay::CPlayGraph::CPlayGraph(int) (playgraph.cpp:45)
==27956==    by 0x66E644E: dhplay::CPortMgr::GetPlayGraph(unsigned int) (portmanager.cpp:39)
==27956==    by 0x66DAC48: PLAY_SetStreamOpenMode (dhplay.cpp:918)
==27956==    by 0x45C370: startConvert(std::string) (DownloadControl.cpp:166)
==27956==    by 0x45EDEC: ConvertPackageFormat(void*) (DownloadControl.cpp:930)
==27956==    by 0x31FD607850: start_thread (in /lib64/libpthread-2.12.so)
==27956==    by 0x31FCEE767C: clone (in /lib64/libc-2.12.so)
==27956==  Address 0x1dbfc140 is 0 bytes after a block of size 32 alloc'd
==27956==    at 0x4A0700E: operator new(unsigned long, std::nothrow_t const&) (vg_replace_malloc.c:375)
==27956==    by 0x66F5065: dhplay::CSFMutex::CSFMutex() (SFMutex.cpp:25)
==27956==    by 0x6710811: dhplay::CVideoDecode::CVideoDecode() (VideoDecode.cpp:41)
==27956==    by 0x671A677: dhplay::CPlayGraph::CPlayGraph(int) (playgraph.cpp:45)
==27956==    by 0x66E644E: dhplay::CPortMgr::GetPlayGraph(unsigned int) (portmanager.cpp:39)
==27956==    by 0x66DAC48: PLAY_SetStreamOpenMode (dhplay.cpp:918)
==27956==    by 0x45C370: startConvert(std::string) (DownloadControl.cpp:166)
==27956==    by 0x45EDEC: ConvertPackageFormat(void*) (DownloadControl.cpp:930)
==27956==    by 0x31FD607850: start_thread (in /lib64/libpthread-2.12.so)
==27956==    by 0x31FCEE767C: clone (in /lib64/libc-2.12.so)
==27956== 
==27956== Invalid write of size 8
==27956==    at 0x31FD608C43: pthread_mutex_init (in /lib64/libpthread-2.12.so)
==27956==    by 0x66F50A0: dhplay::CSFMutex::CSFMutex() (SFMutex.cpp:35)
==27956==    by 0x6702FD3: dhplay::CPlayMethod::CPlayMethod(int) (PlayMethod.cpp:21)
==27956==    by 0x671A6A1: dhplay::CPlayGraph::CPlayGraph(int) (playgraph.cpp:45)
==27956==    by 0x66E644E: dhplay::CPortMgr::GetPlayGraph(unsigned int) (portmanager.cpp:39)
==27956==    by 0x66DAC48: PLAY_SetStreamOpenMode (dhplay.cpp:918)
==27956==    by 0x45C370: startConvert(std::string) (DownloadControl.cpp:166)
==27956==    by 0x45EDEC: ConvertPackageFormat(void*) (DownloadControl.cpp:930)
==27956==    by 0x31FD607850: start_thread (in /lib64/libpthread-2.12.so)
==27956==    by 0x31FCEE767C: clone (in /lib64/libc-2.12.so)
==27956==  Address 0x1d883110 is 0 bytes after a block of size 32 alloc'd
==27956==    at 0x4A0700E: operator new(unsigned long, std::nothrow_t const&) (vg_replace_malloc.c:375)
==27956==    by 0x66F5065: dhplay::CSFMutex::CSFMutex() (SFMutex.cpp:25)
==27956==    by 0x6702FD3: dhplay::CPlayMethod::CPlayMethod(int) (PlayMethod.cpp:21)
==27956==    by 0x671A6A1: dhplay::CPlayGraph::CPlayGraph(int) (playgraph.cpp:45)
==27956==    by 0x66E644E: dhplay::CPortMgr::GetPlayGraph(unsigned int) (portmanager.cpp:39)
==27956==    by 0x66DAC48: PLAY_SetStreamOpenMode (dhplay.cpp:918)
==27956==    by 0x45C370: startConvert(std::string) (DownloadControl.cpp:166)
==27956==    by 0x45EDEC: ConvertPackageFormat(void*) (DownloadControl.cpp:930)
==27956==    by 0x31FD607850: start_thread (in /lib64/libpthread-2.12.so)
==27956==    by 0x31FCEE767C: clone (in /lib64/libc-2.12.so)
==27956== 
==27956== Invalid write of size 8
==27956==    at 0x31FD608C43: pthread_mutex_init (in /lib64/libpthread-2.12.so)
==27956==    by 0x66F50A0: dhplay::CSFMutex::CSFMutex() (SFMutex.cpp:35)
==27956==    by 0x670302D: dhplay::CPlayMethod::CPlayMethod(int) (PlayMethod.cpp:21)
==27956==    by 0x671A6A1: dhplay::CPlayGraph::CPlayGraph(int) (playgraph.cpp:45)
==27956==    by 0x66E644E: dhplay::CPortMgr::GetPlayGraph(unsigned int) (portmanager.cpp:39)
==27956==    by 0x66DAC48: PLAY_SetStreamOpenMode (dhplay.cpp:918)
==27956==    by 0x45C370: startConvert(std::string) (DownloadControl.cpp:166)
==27956==    by 0x45EDEC: ConvertPackageFormat(void*) (DownloadControl.cpp:930)
==27956==    by 0x31FD607850: start_thread (in /lib64/libpthread-2.12.so)
==27956==    by 0x31FCEE767C: clone (in /lib64/libc-2.12.so)
==27956==  Address 0x1dbfc1a0 is 0 bytes after a block of size 32 alloc'd
==27956==    at 0x4A0700E: operator new(unsigned long, std::nothrow_t const&) (vg_replace_malloc.c:375)
==27956==    by 0x66F5065: dhplay::CSFMutex::CSFMutex() (SFMutex.cpp:25)
==27956==    by 0x670302D: dhplay::CPlayMethod::CPlayMethod(int) (PlayMethod.cpp:21)
==27956==    by 0x671A6A1: dhplay::CPlayGraph::CPlayGraph(int) (playgraph.cpp:45)
==27956==    by 0x66E644E: dhplay::CPortMgr::GetPlayGraph(unsigned int) (portmanager.cpp:39)
==27956==    by 0x66DAC48: PLAY_SetStreamOpenMode (dhplay.cpp:918)
==27956==    by 0x45C370: startConvert(std::string) (DownloadControl.cpp:166)
==27956==    by 0x45EDEC: ConvertPackageFormat(void*) (DownloadControl.cpp:930)
==27956==    by 0x31FD607850: start_thread (in /lib64/libpthread-2.12.so)
==27956==    by 0x31FCEE767C: clone (in /lib64/libc-2.12.so)
==27956== 
==27956== Invalid write of size 8
==27956==    at 0x31FD608C43: pthread_mutex_init (in /lib64/libpthread-2.12.so)
==27956==    by 0x66F50A0: dhplay::CSFMutex::CSFMutex() (SFMutex.cpp:35)
==27956==    by 0x66F247D: dhplay::CSFReadWriteBlock::CSFReadWriteBlock() (SFReadWriteMutex.cpp:125)
==27956==    by 0x670304C: dhplay::CPlayMethod::CPlayMethod(int) (PlayMethod.cpp:21)
==27956==    by 0x671A6A1: dhplay::CPlayGraph::CPlayGraph(int) (playgraph.cpp:45)
==27956==    by 0x66E644E: dhplay::CPortMgr::GetPlayGraph(unsigned int) (portmanager.cpp:39)
==27956==    by 0x66DAC48: PLAY_SetStreamOpenMode (dhplay.cpp:918)
==27956==    by 0x45C370: startConvert(std::string) (DownloadControl.cpp:166)
==27956==    by 0x45EDEC: ConvertPackageFormat(void*) (DownloadControl.cpp:930)
==27956==    by 0x31FD607850: start_thread (in /lib64/libpthread-2.12.so)
==27956==    by 0x31FCEE767C: clone (in /lib64/libc-2.12.so)
==27956==  Address 0x1d883170 is 0 bytes after a block of size 32 alloc'd
==27956==    at 0x4A0700E: operator new(unsigned long, std::nothrow_t const&) (vg_replace_malloc.c:375)
==27956==    by 0x66F5065: dhplay::CSFMutex::CSFMutex() (SFMutex.cpp:25)
==27956==    by 0x66F247D: dhplay::CSFReadWriteBlock::CSFReadWriteBlock() (SFReadWriteMutex.cpp:125)
==27956==    by 0x670304C: dhplay::CPlayMethod::CPlayMethod(int) (PlayMethod.cpp:21)
==27956==    by 0x671A6A1: dhplay::CPlayGraph::CPlayGraph(int) (playgraph.cpp:45)
==27956==    by 0x66E644E: dhplay::CPortMgr::GetPlayGraph(unsigned int) (portmanager.cpp:39)
==27956==    by 0x66DAC48: PLAY_SetStreamOpenMode (dhplay.cpp:918)
==27956==    by 0x45C370: startConvert(std::string) (DownloadControl.cpp:166)
==27956==    by 0x45EDEC: ConvertPackageFormat(void*) (DownloadControl.cpp:930)
==27956==    by 0x31FD607850: start_thread (in /lib64/libpthread-2.12.so)
==27956==    by 0x31FCEE767C: clone (in /lib64/libc-2.12.so)
==27956== 
==27956== Invalid write of size 8
==27956==    at 0x31FD608C43: pthread_mutex_init (in /lib64/libpthread-2.12.so)
==27956==    by 0x66F50A0: dhplay::CSFMutex::CSFMutex() (SFMutex.cpp:35)
==27956==    by 0x66D59B0: dhplay::CVideoRender::CVideoRender() (VideoRender.cpp:19)
==27956==    by 0x671A6B3: dhplay::CPlayGraph::CPlayGraph(int) (playgraph.cpp:45)
==27956==    by 0x66E644E: dhplay::CPortMgr::GetPlayGraph(unsigned int) (portmanager.cpp:39)
==27956==    by 0x66DAC48: PLAY_SetStreamOpenMode (dhplay.cpp:918)
==27956==    by 0x45C370: startConvert(std::string) (DownloadControl.cpp:166)
==27956==    by 0x45EDEC: ConvertPackageFormat(void*) (DownloadControl.cpp:930)
==27956==    by 0x31FD607850: start_thread (in /lib64/libpthread-2.12.so)
==27956==    by 0x31FCEE767C: clone (in /lib64/libc-2.12.so)
==27956==  Address 0x1dbfc200 is 0 bytes after a block of size 32 alloc'd
==27956==    at 0x4A0700E: operator new(unsigned long, std::nothrow_t const&) (vg_replace_malloc.c:375)
==27956==    by 0x66F5065: dhplay::CSFMutex::CSFMutex() (SFMutex.cpp:25)
==27956==    by 0x66D59B0: dhplay::CVideoRender::CVideoRender() (VideoRender.cpp:19)
==27956==    by 0x671A6B3: dhplay::CPlayGraph::CPlayGraph(int) (playgraph.cpp:45)
==27956==    by 0x66E644E: dhplay::CPortMgr::GetPlayGraph(unsigned int) (portmanager.cpp:39)
==27956==    by 0x66DAC48: PLAY_SetStreamOpenMode (dhplay.cpp:918)
==27956==    by 0x45C370: startConvert(std::string) (DownloadControl.cpp:166)
==27956==    by 0x45EDEC: ConvertPackageFormat(void*) (DownloadControl.cpp:930)
==27956==    by 0x31FD607850: start_thread (in /lib64/libpthread-2.12.so)
==27956==    by 0x31FCEE767C: clone (in /lib64/libc-2.12.so)
==27956== 
==27956== Invalid write of size 8
==27956==    at 0x31FD608C43: pthread_mutex_init (in /lib64/libpthread-2.12.so)
==27956==    by 0x66F50A0: dhplay::CSFMutex::CSFMutex() (SFMutex.cpp:35)
==27956==    by 0x66FB049: dhplay::CAudioRender::CAudioRender() (AudioRender.cpp:40)
==27956==    by 0x671A6C5: dhplay::CPlayGraph::CPlayGraph(int) (playgraph.cpp:45)
==27956==    by 0x66E644E: dhplay::CPortMgr::GetPlayGraph(unsigned int) (portmanager.cpp:39)
==27956==    by 0x66DAC48: PLAY_SetStreamOpenMode (dhplay.cpp:918)
==27956==    by 0x45C370: startConvert(std::string) (DownloadControl.cpp:166)
==27956==    by 0x45EDEC: ConvertPackageFormat(void*) (DownloadControl.cpp:930)
==27956==    by 0x31FD607850: start_thread (in /lib64/libpthread-2.12.so)
==27956==    by 0x31FCEE767C: clone (in /lib64/libc-2.12.so)
==27956==  Address 0x1d8831d0 is 0 bytes after a block of size 32 alloc'd
==27956==    at 0x4A0700E: operator new(unsigned long, std::nothrow_t const&) (vg_replace_malloc.c:375)
==27956==    by 0x66F5065: dhplay::CSFMutex::CSFMutex() (SFMutex.cpp:25)
==27956==    by 0x66FB049: dhplay::CAudioRender::CAudioRender() (AudioRender.cpp:40)
==27956==    by 0x671A6C5: dhplay::CPlayGraph::CPlayGraph(int) (playgraph.cpp:45)
==27956==    by 0x66E644E: dhplay::CPortMgr::GetPlayGraph(unsigned int) (portmanager.cpp:39)
==27956==    by 0x66DAC48: PLAY_SetStreamOpenMode (dhplay.cpp:918)
==27956==    by 0x45C370: startConvert(std::string) (DownloadControl.cpp:166)
==27956==    by 0x45EDEC: ConvertPackageFormat(void*) (DownloadControl.cpp:930)
==27956==    by 0x31FD607850: start_thread (in /lib64/libpthread-2.12.so)
==27956==    by 0x31FCEE767C: clone (in /lib64/libc-2.12.so)
==27956== 
==27956== Invalid write of size 8
==27956==    at 0x31FD608C43: pthread_mutex_init (in /lib64/libpthread-2.12.so)
==27956==    by 0x66F50A0: dhplay::CSFMutex::CSFMutex() (SFMutex.cpp:35)
==27956==    by 0x66EF0D4: dhplay::CRecorder::CRecorder() (Recorder.cpp:15)
==27956==    by 0x671A6D7: dhplay::CPlayGraph::CPlayGraph(int) (playgraph.cpp:45)
==27956==    by 0x66E644E: dhplay::CPortMgr::GetPlayGraph(unsigned int) (portmanager.cpp:39)
==27956==    by 0x66DAC48: PLAY_SetStreamOpenMode (dhplay.cpp:918)
==27956==    by 0x45C370: startConvert(std::string) (DownloadControl.cpp:166)
==27956==    by 0x45EDEC: ConvertPackageFormat(void*) (DownloadControl.cpp:930)
==27956==    by 0x31FD607850: start_thread (in /lib64/libpthread-2.12.so)
==27956==    by 0x31FCEE767C: clone (in /lib64/libc-2.12.so)
==27956==  Address 0x1d8833b0 is 0 bytes after a block of size 32 alloc'd
==27956==    at 0x4A0700E: operator new(unsigned long, std::nothrow_t const&) (vg_replace_malloc.c:375)
==27956==    by 0x66F5065: dhplay::CSFMutex::CSFMutex() (SFMutex.cpp:25)
==27956==    by 0x66EF0D4: dhplay::CRecorder::CRecorder() (Recorder.cpp:15)
==27956==    by 0x671A6D7: dhplay::CPlayGraph::CPlayGraph(int) (playgraph.cpp:45)
==27956==    by 0x66E644E: dhplay::CPortMgr::GetPlayGraph(unsigned int) (portmanager.cpp:39)
==27956==    by 0x66DAC48: PLAY_SetStreamOpenMode (dhplay.cpp:918)
==27956==    by 0x45C370: startConvert(std::string) (DownloadControl.cpp:166)
==27956==    by 0x45EDEC: ConvertPackageFormat(void*) (DownloadControl.cpp:930)
==27956==    by 0x31FD607850: start_thread (in /lib64/libpthread-2.12.so)
==27956==    by 0x31FCEE767C: clone (in /lib64/libc-2.12.so)
==27956== 
==27956== Invalid write of size 8
==27956==    at 0x31FD608C43: pthread_mutex_init (in /lib64/libpthread-2.12.so)
==27956==    by 0x66F50A0: dhplay::CSFMutex::CSFMutex() (SFMutex.cpp:35)
==27956==    by 0x671A70E: dhplay::CPlayGraph::CPlayGraph(int) (playgraph.cpp:45)
==27956==    by 0x66E644E: dhplay::CPortMgr::GetPlayGraph(unsigned int) (portmanager.cpp:39)
==27956==    by 0x66DAC48: PLAY_SetStreamOpenMode (dhplay.cpp:918)
==27956==    by 0x45C370: startConvert(std::string) (DownloadControl.cpp:166)
==27956==    by 0x45EDEC: ConvertPackageFormat(void*) (DownloadControl.cpp:930)
==27956==    by 0x31FD607850: start_thread (in /lib64/libpthread-2.12.so)
==27956==    by 0x31FCEE767C: clone (in /lib64/libc-2.12.so)
==27956==  Address 0x1dbfc440 is 0 bytes after a block of size 32 alloc'd
==27956==    at 0x4A0700E: operator new(unsigned long, std::nothrow_t const&) (vg_replace_malloc.c:375)
==27956==    by 0x66F5065: dhplay::CSFMutex::CSFMutex() (SFMutex.cpp:25)
==27956==    by 0x671A70E: dhplay::CPlayGraph::CPlayGraph(int) (playgraph.cpp:45)
==27956==    by 0x66E644E: dhplay::CPortMgr::GetPlayGraph(unsigned int) (portmanager.cpp:39)
==27956==    by 0x66DAC48: PLAY_SetStreamOpenMode (dhplay.cpp:918)
==27956==    by 0x45C370: startConvert(std::string) (DownloadControl.cpp:166)
==27956==    by 0x45EDEC: ConvertPackageFormat(void*) (DownloadControl.cpp:930)
==27956==    by 0x31FD607850: start_thread (in /lib64/libpthread-2.12.so)
==27956==    by 0x31FCEE767C: clone (in /lib64/libc-2.12.so)
==27956== 
==27956== Invalid write of size 8
==27956==    at 0x31FD608C43: pthread_mutex_init (in /lib64/libpthread-2.12.so)
==27956==    by 0x66F50A0: dhplay::CSFMutex::CSFMutex() (SFMutex.cpp:35)
==27956==    by 0x671A720: dhplay::CPlayGraph::CPlayGraph(int) (playgraph.cpp:45)
==27956==    by 0x66E644E: dhplay::CPortMgr::GetPlayGraph(unsigned int) (portmanager.cpp:39)
==27956==    by 0x66DAC48: PLAY_SetStreamOpenMode (dhplay.cpp:918)
==27956==    by 0x45C370: startConvert(std::string) (DownloadControl.cpp:166)
==27956==    by 0x45EDEC: ConvertPackageFormat(void*) (DownloadControl.cpp:930)
==27956==    by 0x31FD607850: start_thread (in /lib64/libpthread-2.12.so)
==27956==    by 0x31FCEE767C: clone (in /lib64/libc-2.12.so)
==27956==  Address 0x1d883410 is 0 bytes after a block of size 32 alloc'd
==27956==    at 0x4A0700E: operator new(unsigned long, std::nothrow_t const&) (vg_replace_malloc.c:375)
==27956==    by 0x66F5065: dhplay::CSFMutex::CSFMutex() (SFMutex.cpp:25)
==27956==    by 0x671A720: dhplay::CPlayGraph::CPlayGraph(int) (playgraph.cpp:45)
==27956==    by 0x66E644E: dhplay::CPortMgr::GetPlayGraph(unsigned int) (portmanager.cpp:39)
==27956==    by 0x66DAC48: PLAY_SetStreamOpenMode (dhplay.cpp:918)
==27956==    by 0x45C370: startConvert(std::string) (DownloadControl.cpp:166)
==27956==    by 0x45EDEC: ConvertPackageFormat(void*) (DownloadControl.cpp:930)
==27956==    by 0x31FD607850: start_thread (in /lib64/libpthread-2.12.so)
==27956==    by 0x31FCEE767C: clone (in /lib64/libc-2.12.so)
==27956== 
==27956== Invalid write of size 8
==27956==    at 0x31FD608C43: pthread_mutex_init (in /lib64/libpthread-2.12.so)
==27956==    by 0x66F50A0: dhplay::CSFMutex::CSFMutex() (SFMutex.cpp:35)
==27956==    by 0x6742BC2: dhplay::CVideoAlgorithmProc::CVideoAlgorithmProc() (VideoAlgorithm.cpp:16)
==27956==    by 0x671A74A: dhplay::CPlayGraph::CPlayGraph(int) (playgraph.cpp:45)
==27956==    by 0x66E644E: dhplay::CPortMgr::GetPlayGraph(unsigned int) (portmanager.cpp:39)
==27956==    by 0x66DAC48: PLAY_SetStreamOpenMode (dhplay.cpp:918)
==27956==    by 0x45C370: startConvert(std::string) (DownloadControl.cpp:166)
==27956==    by 0x45EDEC: ConvertPackageFormat(void*) (DownloadControl.cpp:930)
==27956==    by 0x31FD607850: start_thread (in /lib64/libpthread-2.12.so)
==27956==    by 0x31FCEE767C: clone (in /lib64/libc-2.12.so)
==27956==  Address 0x1dbfc4a0 is 0 bytes after a block of size 32 alloc'd
==27956==    at 0x4A0700E: operator new(unsigned long, std::nothrow_t const&) (vg_replace_malloc.c:375)
==27956==    by 0x66F5065: dhplay::CSFMutex::CSFMutex() (SFMutex.cpp:25)
==27956==    by 0x6742BC2: dhplay::CVideoAlgorithmProc::CVideoAlgorithmProc() (VideoAlgorithm.cpp:16)
==27956==    by 0x671A74A: dhplay::CPlayGraph::CPlayGraph(int) (playgraph.cpp:45)
==27956==    by 0x66E644E: dhplay::CPortMgr::GetPlayGraph(unsigned int) (portmanager.cpp:39)
==27956==    by 0x66DAC48: PLAY_SetStreamOpenMode (dhplay.cpp:918)
==27956==    by 0x45C370: startConvert(std::string) (DownloadControl.cpp:166)
==27956==    by 0x45EDEC: ConvertPackageFormat(void*) (DownloadControl.cpp:930)
==27956==    by 0x31FD607850: start_thread (in /lib64/libpthread-2.12.so)
==27956==    by 0x31FCEE767C: clone (in /lib64/libc-2.12.so)
==27956== 
==27956== Invalid write of size 8
==27956==    at 0x31FD608C43: pthread_mutex_init (in /lib64/libpthread-2.12.so)
==27956==    by 0x66F50A0: dhplay::CSFMutex::CSFMutex() (SFMutex.cpp:35)
==27956==    by 0x670946F: dhplay::TIMER_INFO::TIMER_INFO() (PlayTimer.h:17)
==27956==    by 0x6708819: dhplay::CPlayTimer::CPlayTimer() (PlayTimer.cpp:25)
==27956==    by 0x6708766: dhplay::CPlayTimer::Instance() (PlayTimer.cpp:18)
==27956==    by 0x67036F7: dhplay::CPlayMethod::Start(dhplay::IPlayMethod*, int) (PlayMethod.cpp:99)
==27956==    by 0x671B5AC: dhplay::CPlayGraph::Play(void*) (playgraph.cpp:263)
==27956==    by 0x66D7B20: PLAY_Play (dhplay.cpp:203)
==27956==    by 0x45C398: startConvert(std::string) (DownloadControl.cpp:168)
==27956==    by 0x45EDEC: ConvertPackageFormat(void*) (DownloadControl.cpp:930)
==27956==    by 0x31FD607850: start_thread (in /lib64/libpthread-2.12.so)
==27956==    by 0x31FCEE767C: clone (in /lib64/libc-2.12.so)
==27956==  Address 0x1dc046e0 is 0 bytes after a block of size 32 alloc'd
==27956==    at 0x4A0700E: operator new(unsigned long, std::nothrow_t const&) (vg_replace_malloc.c:375)
==27956==    by 0x66F5065: dhplay::CSFMutex::CSFMutex() (SFMutex.cpp:25)
==27956==    by 0x670946F: dhplay::TIMER_INFO::TIMER_INFO() (PlayTimer.h:17)
==27956==    by 0x6708819: dhplay::CPlayTimer::CPlayTimer() (PlayTimer.cpp:25)
==27956==    by 0x6708766: dhplay::CPlayTimer::Instance() (PlayTimer.cpp:18)
==27956==    by 0x67036F7: dhplay::CPlayMethod::Start(dhplay::IPlayMethod*, int) (PlayMethod.cpp:99)
==27956==    by 0x671B5AC: dhplay::CPlayGraph::Play(void*) (playgraph.cpp:263)
==27956==    by 0x66D7B20: PLAY_Play (dhplay.cpp:203)
==27956==    by 0x45C398: startConvert(std::string) (DownloadControl.cpp:168)
==27956==    by 0x45EDEC: ConvertPackageFormat(void*) (DownloadControl.cpp:930)
==27956==    by 0x31FD607850: start_thread (in /lib64/libpthread-2.12.so)
==27956==    by 0x31FCEE767C: clone (in /lib64/libc-2.12.so)
==27956== 
==27956== Invalid write of size 8
==27956==    at 0x31FD608C43: pthread_mutex_init (in /lib64/libpthread-2.12.so)
==27956==    by 0x66F50A0: dhplay::CSFMutex::CSFMutex() (SFMutex.cpp:35)
==27956==    by 0x6708888: dhplay::CPlayTimer::CPlayTimer() (PlayTimer.cpp:25)
==27956==    by 0x6708766: dhplay::CPlayTimer::Instance() (PlayTimer.cpp:18)
==27956==    by 0x67036F7: dhplay::CPlayMethod::Start(dhplay::IPlayMethod*, int) (PlayMethod.cpp:99)
==27956==    by 0x671B5AC: dhplay::CPlayGraph::Play(void*) (playgraph.cpp:263)
==27956==    by 0x66D7B20: PLAY_Play (dhplay.cpp:203)
==27956==    by 0x45C398: startConvert(std::string) (DownloadControl.cpp:168)
==27956==    by 0x45EDEC: ConvertPackageFormat(void*) (DownloadControl.cpp:930)
==27956==    by 0x31FD607850: start_thread (in /lib64/libpthread-2.12.so)
==27956==    by 0x31FCEE767C: clone (in /lib64/libc-2.12.so)
==27956==  Address 0x1dc0a6e0 is 0 bytes after a block of size 32 alloc'd
==27956==    at 0x4A0700E: operator new(unsigned long, std::nothrow_t const&) (vg_replace_malloc.c:375)
==27956==    by 0x66F5065: dhplay::CSFMutex::CSFMutex() (SFMutex.cpp:25)
==27956==    by 0x6708888: dhplay::CPlayTimer::CPlayTimer() (PlayTimer.cpp:25)
==27956==    by 0x6708766: dhplay::CPlayTimer::Instance() (PlayTimer.cpp:18)
==27956==    by 0x67036F7: dhplay::CPlayMethod::Start(dhplay::IPlayMethod*, int) (PlayMethod.cpp:99)
==27956==    by 0x671B5AC: dhplay::CPlayGraph::Play(void*) (playgraph.cpp:263)
==27956==    by 0x66D7B20: PLAY_Play (dhplay.cpp:203)
==27956==    by 0x45C398: startConvert(std::string) (DownloadControl.cpp:168)
==27956==    by 0x45EDEC: ConvertPackageFormat(void*) (DownloadControl.cpp:930)
==27956==    by 0x31FD607850: start_thread (in /lib64/libpthread-2.12.so)
==27956==    by 0x31FCEE767C: clone (in /lib64/libc-2.12.so)
==27956== 
==27956== Invalid write of size 8
==27956==    at 0x31FD608C43: pthread_mutex_init (in /lib64/libpthread-2.12.so)
==27956==    by 0x66F50A0: dhplay::CSFMutex::CSFMutex() (SFMutex.cpp:35)
==27956==    by 0x670892C: dhplay::CPlayTimer::CPlayTimer() (PlayTimer.cpp:25)
==27956==    by 0x6708766: dhplay::CPlayTimer::Instance() (PlayTimer.cpp:18)
==27956==    by 0x67036F7: dhplay::CPlayMethod::Start(dhplay::IPlayMethod*, int) (PlayMethod.cpp:99)
==27956==    by 0x671B5AC: dhplay::CPlayGraph::Play(void*) (playgraph.cpp:263)
==27956==    by 0x66D7B20: PLAY_Play (dhplay.cpp:203)
==27956==    by 0x45C398: startConvert(std::string) (DownloadControl.cpp:168)
==27956==    by 0x45EDEC: ConvertPackageFormat(void*) (DownloadControl.cpp:930)
==27956==    by 0x31FD607850: start_thread (in /lib64/libpthread-2.12.so)
==27956==    by 0x31FCEE767C: clone (in /lib64/libc-2.12.so)
==27956==  Address 0x1d894b90 is 0 bytes after a block of size 32 alloc'd
==27956==    at 0x4A0700E: operator new(unsigned long, std::nothrow_t const&) (vg_replace_malloc.c:375)
==27956==    by 0x66F5065: dhplay::CSFMutex::CSFMutex() (SFMutex.cpp:25)
==27956==    by 0x670892C: dhplay::CPlayTimer::CPlayTimer() (PlayTimer.cpp:25)
==27956==    by 0x6708766: dhplay::CPlayTimer::Instance() (PlayTimer.cpp:18)
==27956==    by 0x67036F7: dhplay::CPlayMethod::Start(dhplay::IPlayMethod*, int) (PlayMethod.cpp:99)
==27956==    by 0x671B5AC: dhplay::CPlayGraph::Play(void*) (playgraph.cpp:263)
==27956==    by 0x66D7B20: PLAY_Play (dhplay.cpp:203)
==27956==    by 0x45C398: startConvert(std::string) (DownloadControl.cpp:168)
==27956==    by 0x45EDEC: ConvertPackageFormat(void*) (DownloadControl.cpp:930)
==27956==    by 0x31FD607850: start_thread (in /lib64/libpthread-2.12.so)
==27956==    by 0x31FCEE767C: clone (in /lib64/libc-2.12.so)
==27956== 
==27956== Thread 58:
==27956== Conditional jump or move depends on uninitialised value(s)
==27956==    at 0x670553C: dhplay::CPlayMethod::PlayVAFrame(int, int*) (PlayMethod.cpp:811)
==27956==    by 0x670540C: dhplay::CPlayMethod::OnTimeVASync() (PlayMethod.cpp:785)
==27956==    by 0x67052EF: dhplay::CPlayMethod::OnTime() (PlayMethod.cpp:761)
==27956==    by 0x6708EAF: dhplay::CPlayTimer::RenderWorkThread() (PlayTimer.cpp:86)
==27956==    by 0x6708DED: dhplay::RenderWorkThread(void*) (PlayTimer.cpp:69)
==27956==    by 0x31FD607850: start_thread (in /lib64/libpthread-2.12.so)
==27956==    by 0x31FCEE767C: clone (in /lib64/libc-2.12.so)
==27956==  Uninitialised value was created by a heap allocation
==27956==    at 0x4A0700E: operator new(unsigned long, std::nothrow_t const&) (vg_replace_malloc.c:375)
==27956==    by 0x66E642F: dhplay::CPortMgr::GetPlayGraph(unsigned int) (portmanager.cpp:39)
==27956==    by 0x66DAC48: PLAY_SetStreamOpenMode (dhplay.cpp:918)
==27956==    by 0x45C370: startConvert(std::string) (DownloadControl.cpp:166)
==27956==    by 0x45EDEC: ConvertPackageFormat(void*) (DownloadControl.cpp:930)
==27956==    by 0x31FD607850: start_thread (in /lib64/libpthread-2.12.so)
==27956==    by 0x31FCEE767C: clone (in /lib64/libc-2.12.so)
==27956== 
==27956== Thread 56:
==27956== Mismatched free() / delete / delete []
==27956==    at 0x4A0673A: operator delete(void*) (vg_replace_malloc.c:574)
==27956==    by 0x66E8394: dhplay::CASFencode::ASF_end() (ASFencode.cpp:324)
==27956==    by 0x66F1459: dhplay::CASFRecorder::Close() (ASFRecorder.cpp:146)
==27956==    by 0x66EF359: dhplay::CRecorder::Close() (Recorder.cpp:49)
==27956==    by 0x671D807: dhplay::CPlayGraph::StopDataRecord() (playgraph.cpp:1197)
==27956==    by 0x66DE76B: PLAY_StopDataRecord (dhplay.cpp:1790)
==27956==    by 0x45C4B5: stopConvert() (DownloadControl.cpp:188)
==27956==    by 0x45F013: ConvertPackageFormat(void*) (DownloadControl.cpp:977)
==27956==    by 0x31FD607850: start_thread (in /lib64/libpthread-2.12.so)
==27956==    by 0x31FCEE767C: clone (in /lib64/libc-2.12.so)
==27956==  Address 0x359c1040 is 0 bytes inside a block of size 2,097,152 alloc'd
==27956==    at 0x4A06DEC: operator new[](unsigned long, std::nothrow_t const&) (vg_replace_malloc.c:464)
==27956==    by 0x66E80F3: dhplay::CASFencode::ASF_init() (ASFencode.cpp:278)
==27956==    by 0x66F12E3: dhplay::CASFRecorder::ASFInit(__SF_FRAME_INFO*) (ASFRecorder.cpp:122)
==27956==    by 0x66F1573: dhplay::CASFRecorder::Write(__SF_FRAME_INFO*, DEC_OUTPUT_PARAM*, __SF_AUDIO_DECODE*) (ASFRecorder.cpp:185)
==27956==    by 0x66EF44C: dhplay::CRecorder::Write(__SF_FRAME_INFO*, DEC_OUTPUT_PARAM*, __SF_AUDIO_DECODE*) (Recorder.cpp:68)
==27956==    by 0x6721738: dhplay::CPlayGraph::DecodeVideo(__SF_PLAY_DIRECTION, __SF_AVINDEX_INFO*, int) (playgraph.cpp:2858)
==27956==    by 0x6720AB4: dhplay::CPlayGraph::DealFrame(__SF_PLAY_DIRECTION, __SF_AVINDEX_INFO*, int) (playgraph.cpp:2572)
==27956==    by 0x6720766: dhplay::CPlayGraph::onNetFrame(__SF_PLAY_DIRECTION, __SF_FRAME_INFO*) (playgraph.cpp:2467)
==27956==    by 0x672B32C: dhplay::CNetStreamSource::FrameThread() (NetStreamSource.cpp:74)
==27956==    by 0x672B0AB: dhplay::frameThread(void*) (NetStreamSource.cpp:23)
==27956==    by 0x31FD607850: start_thread (in /lib64/libpthread-2.12.so)
==27956==    by 0x31FCEE767C: clone (in /lib64/libc-2.12.so)
==27956== 
==27956== Mismatched free() / delete / delete []
==27956==    at 0x4A0673A: operator delete(void*) (vg_replace_malloc.c:574)
==27956==    by 0x66E8394: dhplay::CASFencode::ASF_end() (ASFencode.cpp:324)
==27956==    by 0x66E7F28: dhplay::CASFencode::~CASFencode() (ASFencode.cpp:256)
==27956==    by 0x66E805F: dhplay::CASFencode::~CASFencode() (ASFencode.cpp:259)
==27956==    by 0x66F0ECB: dhplay::CASFRecorder::~CASFRecorder() (ASFRecorder.cpp:38)
==27956==    by 0x66F0F5D: dhplay::CASFRecorder::~CASFRecorder() (ASFRecorder.cpp:39)
==27956==    by 0x66EF385: dhplay::CRecorder::Close() (Recorder.cpp:50)
==27956==    by 0x671D807: dhplay::CPlayGraph::StopDataRecord() (playgraph.cpp:1197)
==27956==    by 0x66DE76B: PLAY_StopDataRecord (dhplay.cpp:1790)
==27956==    by 0x45C4B5: stopConvert() (DownloadControl.cpp:188)
==27956==    by 0x45F013: ConvertPackageFormat(void*) (DownloadControl.cpp:977)
==27956==    by 0x31FD607850: start_thread (in /lib64/libpthread-2.12.so)
==27956==  Address 0x367c2040 is 0 bytes inside a block of size 2,097,152 alloc'd
==27956==    at 0x4A06DEC: operator new[](unsigned long, std::nothrow_t const&) (vg_replace_malloc.c:464)
==27956==    by 0x66E80F3: dhplay::CASFencode::ASF_init() (ASFencode.cpp:278)
==27956==    by 0x66F149C: dhplay::CASFRecorder::Close() (ASFRecorder.cpp:156)
==27956==    by 0x66EF359: dhplay::CRecorder::Close() (Recorder.cpp:49)
==27956==    by 0x671D807: dhplay::CPlayGraph::StopDataRecord() (playgraph.cpp:1197)
==27956==    by 0x66DE76B: PLAY_StopDataRecord (dhplay.cpp:1790)
==27956==    by 0x45C4B5: stopConvert() (DownloadControl.cpp:188)
==27956==    by 0x45F013: ConvertPackageFormat(void*) (DownloadControl.cpp:977)
==27956==    by 0x31FD607850: start_thread (in /lib64/libpthread-2.12.so)
==27956==    by 0x31FCEE767C: clone (in /lib64/libc-2.12.so)
==27956== 
==27956== Thread 55:
==27956== Mismatched free() / delete / delete []
==27956==    at 0x4A0628A: operator delete[](void*) (vg_replace_malloc.c:619)
==27956==    by 0x469B26: downloadtable::DeleteSpaceDownload(DOWNLOAD_ITEM_TBL**) (Download_Table.cpp:462)
==27956==    by 0x469DCF: downloadtable::DeleteSpaceDownloads(std::vector<DOWNLOAD_ITEM_TBL*, std::allocator<DOWNLOAD_ITEM_TBL*> >*) (Download_Table.cpp:538)
==27956==    by 0x45F659: downLoad::DM_Convert() (DownloadControl.cpp:1057)
==27956==    by 0x408B9B: covert(void*) (main.cpp:73)
==27956==    by 0x31FD607850: start_thread (in /lib64/libpthread-2.12.so)
==27956==    by 0x31FCEE767C: clone (in /lib64/libc-2.12.so)
==27956==  Address 0x1dd5df60 is 0 bytes inside a block of size 112 alloc'd
==27956==    at 0x4A07D75: operator new(unsigned long) (vg_replace_malloc.c:332)
==27956==    by 0x4695E2: downloadtable::NewSpaceDownload(DOWNLOAD_ITEM_TBL**) (Download_Table.cpp:364)
==27956==    by 0x469169: downloadtable::GetDownloadInfoBySql(std::string, std::vector<DOWNLOAD_ITEM_TBL*, std::allocator<DOWNLOAD_ITEM_TBL*> >&) (Download_Table.cpp:279)
==27956==    by 0x45F5BA: downLoad::DM_Convert() (DownloadControl.cpp:1050)
==27956==    by 0x408B9B: covert(void*) (main.cpp:73)
==27956==    by 0x31FD607850: start_thread (in /lib64/libpthread-2.12.so)
==27956==    by 0x31FCEE767C: clone (in /lib64/libc-2.12.so)
==27956== 
==27956== 
==27956== Process terminating with default action of signal 2 (SIGINT)
==27956==    at 0x31FD6080AD: pthread_join (in /lib64/libpthread-2.12.so)
==27956==    by 0x4091EF: main (main.cpp:187)
==27956== Thread 1:
==27956== Invalid free() / delete / delete[] / realloc()
==27956==    at 0x4A06B54: free (vg_replace_malloc.c:529)
==27956==    by 0x31FCF3F59A: free_mem (in /lib64/libc-2.12.so)
==27956==    by 0x31FCF3F131: __libc_freeres (in /lib64/libc-2.12.so)
==27956==    by 0x480170E: _vgnU_freeres (vg_preloaded.c:77)
==27956==    by 0xFFF00046F: ???
==27956==    by 0x31FC614694: _dl_runtime_resolve (in /lib64/ld-2.12.so)
==27956==    by 0x4091EF: main (main.cpp:187)
==27956==  Address 0x94ab1f0 is in a rw- anonymous segment
==27956== 
==27956== 
==27956== HEAP SUMMARY:
==27956==     in use at exit: 63,977,422 bytes in 8,217 blocks
==27956==   total heap usage: 33,793 allocs, 25,579 frees, 81,040,161 bytes allocated
==27956== 
==27956== 40 bytes in 1 blocks are definitely lost in loss record 1,957 of 2,565
==27956==    at 0x4A07D75: operator new(unsigned long) (vg_replace_malloc.c:332)
==27956==    by 0x5951164: Mutex4Log::Mutex4Log() (in /home/sfx/dahua/so/libdhnetsdk.so)
==27956==    by 0x5952B96: ??? (in /home/sfx/dahua/so/libdhnetsdk.so)
==27956==    by 0x5952BFA: ??? (in /home/sfx/dahua/so/libdhnetsdk.so)
==27956==    by 0x59FD785: ??? (in /home/sfx/dahua/so/libdhnetsdk.so)
==27956==    by 0x5459122: ??? (in /home/sfx/dahua/so/libdhnetsdk.so)
==27956== 
==27956== 40 bytes in 1 blocks are definitely lost in loss record 1,958 of 2,565
==27956==    at 0x4A07D75: operator new(unsigned long) (vg_replace_malloc.c:332)
==27956==    by 0x5951164: Mutex4Log::Mutex4Log() (in /home/sfx/dahua/so/libdhnetsdk.so)
==27956==    by 0x5952BC5: ??? (in /home/sfx/dahua/so/libdhnetsdk.so)
==27956==    by 0x5952BFA: ??? (in /home/sfx/dahua/so/libdhnetsdk.so)
==27956==    by 0x59FD785: ??? (in /home/sfx/dahua/so/libdhnetsdk.so)
==27956==    by 0x5459122: ??? (in /home/sfx/dahua/so/libdhnetsdk.so)
==27956== 
==27956== 192 bytes in 1 blocks are definitely lost in loss record 2,420 of 2,565
==27956==    at 0x4A05EDF: calloc (vg_replace_malloc.c:710)
==27956==    by 0x4C761EE: my_thread_init (my_thr_init.c:334)
==27956==    by 0x4C570CC: mysql_server_init (libmysql.c:181)
==27956==    by 0x4C5831E: mysql_init (client.c:1699)
==27956==    by 0x466D54: PubFun::Connect(st_mysql**) (pub.cpp:352)
==27956==    by 0x4687AB: downloadtable::updateDownloadInfoByDownloadID(std::string, std::string, long long) (Download_Table.cpp:78)
==27956==    by 0x45ECF7: ConvertPackageFormat(void*) (DownloadControl.cpp:928)
==27956==    by 0x31FD607850: start_thread (in /lib64/libpthread-2.12.so)
==27956==    by 0x31FCEE767C: clone (in /lib64/libc-2.12.so)
==27956== 
==27956== 196 bytes in 1 blocks are definitely lost in loss record 2,421 of 2,565
==27956==    at 0x4A06DEC: operator new[](unsigned long, std::nothrow_t const&) (vg_replace_malloc.c:464)
==27956==    by 0x571FEDE: CSearchRecordAndPlayBack::DownloadByTime(long, int, int, NET_TIME*, NET_TIME*, char*, void (*)(long, unsigned int, unsigned int, int, NET_RECORDFILE_INFO, long), long, int (*)(long, unsigned int, unsigned char*, unsigned int, long), long, unsigned int, _SC_TYPE) (in /home/sfx/dahua/so/libdhnetsdk.so)
==27956==    by 0x561658E: CLIENT_DownloadByTime (in /home/sfx/dahua/so/libdhnetsdk.so)
==27956==    by 0x45D973: downLoad::DM_DownLoadByTime(int, int, int, NET_TIME, NET_TIME, std::string, std::string) (DownloadControl.cpp:710)
==27956==    by 0x430C45: mons__DownLoadByTime(soap*, int, int, int, mons__DownloadTime, mons__DownloadTime, std::string, std::string, mons__DownloadTimeResponse&) (C_SoapFunction.cpp:75)
==27956==    by 0x4581E8: soap_serve_mons__DownLoadByTime(soap*) (soapServer.cpp:178)
==27956==    by 0x4578DC: soap_serve_request (soapServer.cpp:64)
==27956==    by 0x4577B3: soap_serve (soapServer.cpp:36)
==27956==    by 0x432B6A: process_request(void*) (C_SoapServer.cpp:136)
==27956==    by 0x409567: Webservicefunc(C_ThreadData*) (C_ThreadManage.cpp:23)
==27956==    by 0x40960F: Threadfunc(void*) (C_ThreadManage.cpp:50)
==27956==    by 0x31FD607850: start_thread (in /lib64/libpthread-2.12.so)
==27956== 
==27956== 288 bytes in 1 blocks are possibly lost in loss record 2,449 of 2,565
==27956==    at 0x4A05EDF: calloc (vg_replace_malloc.c:710)
==27956==    by 0x31FC611812: _dl_allocate_tls (in /lib64/ld-2.12.so)
==27956==    by 0x31FD607068: pthread_create@@GLIBC_2.2.5 (in /lib64/libpthread-2.12.so)
==27956==    by 0x40A8E8: C_ThreadManage::InitWebserviceThread() (C_ThreadManage.cpp:372)
==27956==    by 0x4090B6: main (main.cpp:120)
==27956== 
==27956== 288 bytes in 1 blocks are possibly lost in loss record 2,450 of 2,565
==27956==    at 0x4A05EDF: calloc (vg_replace_malloc.c:710)
==27956==    by 0x31FC611812: _dl_allocate_tls (in /lib64/ld-2.12.so)
==27956==    by 0x31FD607068: pthread_create@@GLIBC_2.2.5 (in /lib64/libpthread-2.12.so)
==27956==    by 0x5957B88: CreateThreadEx(COSThread&, unsigned int, unsigned int (*)(void*), void*, unsigned int, unsigned int*) (in /home/sfx/dahua/so/libdhnetsdk.so)
==27956==    by 0x5696238: CManager::Init(void (*)(long, char*, int, long), long, int) (in /home/sfx/dahua/so/libdhnetsdk.so)
==27956==    by 0x560ECE1: CLIENT_InitEx (in /home/sfx/dahua/so/libdhnetsdk.so)
==27956==    by 0x560EC4F: CLIENT_Init (in /home/sfx/dahua/so/libdhnetsdk.so)
==27956==    by 0x45B69F: NvrControl::DM_InitSDK() (Nvr_Control.cpp:15)
==27956==    by 0x4090E8: main (main.cpp:167)
==27956== 
==27956== 288 bytes in 1 blocks are possibly lost in loss record 2,451 of 2,565
==27956==    at 0x4A05EDF: calloc (vg_replace_malloc.c:710)
==27956==    by 0x31FC611812: _dl_allocate_tls (in /lib64/ld-2.12.so)
==27956==    by 0x31FD607068: pthread_create@@GLIBC_2.2.5 (in /lib64/libpthread-2.12.so)
==27956==    by 0x5957B88: CreateThreadEx(COSThread&, unsigned int, unsigned int (*)(void*), void*, unsigned int, unsigned int*) (in /home/sfx/dahua/so/libdhnetsdk.so)
==27956==    by 0x569627B: CManager::Init(void (*)(long, char*, int, long), long, int) (in /home/sfx/dahua/so/libdhnetsdk.so)
==27956==    by 0x560ECE1: CLIENT_InitEx (in /home/sfx/dahua/so/libdhnetsdk.so)
==27956==    by 0x560EC4F: CLIENT_Init (in /home/sfx/dahua/so/libdhnetsdk.so)
==27956==    by 0x45B69F: NvrControl::DM_InitSDK() (Nvr_Control.cpp:15)
==27956==    by 0x4090E8: main (main.cpp:167)
==27956== 
==27956== 288 bytes in 1 blocks are possibly lost in loss record 2,452 of 2,565
==27956==    at 0x4A05EDF: calloc (vg_replace_malloc.c:710)
==27956==    by 0x31FC611812: _dl_allocate_tls (in /lib64/ld-2.12.so)
==27956==    by 0x31FD607068: pthread_create@@GLIBC_2.2.5 (in /lib64/libpthread-2.12.so)
==27956==    by 0x5957B88: CreateThreadEx(COSThread&, unsigned int, unsigned int (*)(void*), void*, unsigned int, unsigned int*) (in /home/sfx/dahua/so/libdhnetsdk.so)
==27956==    by 0x56962BE: CManager::Init(void (*)(long, char*, int, long), long, int) (in /home/sfx/dahua/so/libdhnetsdk.so)
==27956==    by 0x560ECE1: CLIENT_InitEx (in /home/sfx/dahua/so/libdhnetsdk.so)
==27956==    by 0x560EC4F: CLIENT_Init (in /home/sfx/dahua/so/libdhnetsdk.so)
==27956==    by 0x45B69F: NvrControl::DM_InitSDK() (Nvr_Control.cpp:15)
==27956==    by 0x4090E8: main (main.cpp:167)
==27956== 
==27956== 288 bytes in 1 blocks are possibly lost in loss record 2,453 of 2,565
==27956==    at 0x4A05EDF: calloc (vg_replace_malloc.c:710)
==27956==    by 0x31FC611812: _dl_allocate_tls (in /lib64/ld-2.12.so)
==27956==    by 0x31FD607068: pthread_create@@GLIBC_2.2.5 (in /lib64/libpthread-2.12.so)
==27956==    by 0x5957B88: CreateThreadEx(COSThread&, unsigned int, unsigned int (*)(void*), void*, unsigned int, unsigned int*) (in /home/sfx/dahua/so/libdhnetsdk.so)
==27956==    by 0x5696301: CManager::Init(void (*)(long, char*, int, long), long, int) (in /home/sfx/dahua/so/libdhnetsdk.so)
==27956==    by 0x560ECE1: CLIENT_InitEx (in /home/sfx/dahua/so/libdhnetsdk.so)
==27956==    by 0x560EC4F: CLIENT_Init (in /home/sfx/dahua/so/libdhnetsdk.so)
==27956==    by 0x45B69F: NvrControl::DM_InitSDK() (Nvr_Control.cpp:15)
==27956==    by 0x4090E8: main (main.cpp:167)
==27956== 
==27956== 288 bytes in 1 blocks are possibly lost in loss record 2,454 of 2,565
==27956==    at 0x4A05EDF: calloc (vg_replace_malloc.c:710)
==27956==    by 0x31FC611812: _dl_allocate_tls (in /lib64/ld-2.12.so)
==27956==    by 0x31FD607068: pthread_create@@GLIBC_2.2.5 (in /lib64/libpthread-2.12.so)
==27956==    by 0x5957B88: CreateThreadEx(COSThread&, unsigned int, unsigned int (*)(void*), void*, unsigned int, unsigned int*) (in /home/sfx/dahua/so/libdhnetsdk.so)
==27956==    by 0x5696344: CManager::Init(void (*)(long, char*, int, long), long, int) (in /home/sfx/dahua/so/libdhnetsdk.so)
==27956==    by 0x560ECE1: CLIENT_InitEx (in /home/sfx/dahua/so/libdhnetsdk.so)
==27956==    by 0x560EC4F: CLIENT_Init (in /home/sfx/dahua/so/libdhnetsdk.so)
==27956==    by 0x45B69F: NvrControl::DM_InitSDK() (Nvr_Control.cpp:15)
==27956==    by 0x4090E8: main (main.cpp:167)
==27956== 
==27956== 288 bytes in 1 blocks are possibly lost in loss record 2,455 of 2,565
==27956==    at 0x4A05EDF: calloc (vg_replace_malloc.c:710)
==27956==    by 0x31FC611812: _dl_allocate_tls (in /lib64/ld-2.12.so)
==27956==    by 0x31FD607068: pthread_create@@GLIBC_2.2.5 (in /lib64/libpthread-2.12.so)
==27956==    by 0x5957B88: CreateThreadEx(COSThread&, unsigned int, unsigned int (*)(void*), void*, unsigned int, unsigned int*) (in /home/sfx/dahua/so/libdhnetsdk.so)
==27956==    by 0x5696387: CManager::Init(void (*)(long, char*, int, long), long, int) (in /home/sfx/dahua/so/libdhnetsdk.so)
==27956==    by 0x560ECE1: CLIENT_InitEx (in /home/sfx/dahua/so/libdhnetsdk.so)
==27956==    by 0x560EC4F: CLIENT_Init (in /home/sfx/dahua/so/libdhnetsdk.so)
==27956==    by 0x45B69F: NvrControl::DM_InitSDK() (Nvr_Control.cpp:15)
==27956==    by 0x4090E8: main (main.cpp:167)
==27956== 
==27956== 288 bytes in 1 blocks are possibly lost in loss record 2,456 of 2,565
==27956==    at 0x4A05EDF: calloc (vg_replace_malloc.c:710)
==27956==    by 0x31FC611812: _dl_allocate_tls (in /lib64/ld-2.12.so)
==27956==    by 0x31FD607068: pthread_create@@GLIBC_2.2.5 (in /lib64/libpthread-2.12.so)
==27956==    by 0x5957B88: CreateThreadEx(COSThread&, unsigned int, unsigned int (*)(void*), void*, unsigned int, unsigned int*) (in /home/sfx/dahua/so/libdhnetsdk.so)
==27956==    by 0x56963CA: CManager::Init(void (*)(long, char*, int, long), long, int) (in /home/sfx/dahua/so/libdhnetsdk.so)
==27956==    by 0x560ECE1: CLIENT_InitEx (in /home/sfx/dahua/so/libdhnetsdk.so)
==27956==    by 0x560EC4F: CLIENT_Init (in /home/sfx/dahua/so/libdhnetsdk.so)
==27956==    by 0x45B69F: NvrControl::DM_InitSDK() (Nvr_Control.cpp:15)
==27956==    by 0x4090E8: main (main.cpp:167)
==27956== 
==27956== 288 bytes in 1 blocks are possibly lost in loss record 2,457 of 2,565
==27956==    at 0x4A05EDF: calloc (vg_replace_malloc.c:710)
==27956==    by 0x31FC611812: _dl_allocate_tls (in /lib64/ld-2.12.so)
==27956==    by 0x31FD607068: pthread_create@@GLIBC_2.2.5 (in /lib64/libpthread-2.12.so)
==27956==    by 0x5957B88: CreateThreadEx(COSThread&, unsigned int, unsigned int (*)(void*), void*, unsigned int, unsigned int*) (in /home/sfx/dahua/so/libdhnetsdk.so)
==27956==    by 0x569640D: CManager::Init(void (*)(long, char*, int, long), long, int) (in /home/sfx/dahua/so/libdhnetsdk.so)
==27956==    by 0x560ECE1: CLIENT_InitEx (in /home/sfx/dahua/so/libdhnetsdk.so)
==27956==    by 0x560EC4F: CLIENT_Init (in /home/sfx/dahua/so/libdhnetsdk.so)
==27956==    by 0x45B69F: NvrControl::DM_InitSDK() (Nvr_Control.cpp:15)
==27956==    by 0x4090E8: main (main.cpp:167)
==27956== 
==27956== 288 bytes in 1 blocks are possibly lost in loss record 2,458 of 2,565
==27956==    at 0x4A05EDF: calloc (vg_replace_malloc.c:710)
==27956==    by 0x31FC611812: _dl_allocate_tls (in /lib64/ld-2.12.so)
==27956==    by 0x31FD607068: pthread_create@@GLIBC_2.2.5 (in /lib64/libpthread-2.12.so)
==27956==    by 0x5957B88: CreateThreadEx(COSThread&, unsigned int, unsigned int (*)(void*), void*, unsigned int, unsigned int*) (in /home/sfx/dahua/so/libdhnetsdk.so)
==27956==    by 0x5696450: CManager::Init(void (*)(long, char*, int, long), long, int) (in /home/sfx/dahua/so/libdhnetsdk.so)
==27956==    by 0x560ECE1: CLIENT_InitEx (in /home/sfx/dahua/so/libdhnetsdk.so)
==27956==    by 0x560EC4F: CLIENT_Init (in /home/sfx/dahua/so/libdhnetsdk.so)
==27956==    by 0x45B69F: NvrControl::DM_InitSDK() (Nvr_Control.cpp:15)
==27956==    by 0x4090E8: main (main.cpp:167)
==27956== 
==27956== 288 bytes in 1 blocks are possibly lost in loss record 2,459 of 2,565
==27956==    at 0x4A05EDF: calloc (vg_replace_malloc.c:710)
==27956==    by 0x31FC611812: _dl_allocate_tls (in /lib64/ld-2.12.so)
==27956==    by 0x31FD607068: pthread_create@@GLIBC_2.2.5 (in /lib64/libpthread-2.12.so)
==27956==    by 0x5957B88: CreateThreadEx(COSThread&, unsigned int, unsigned int (*)(void*), void*, unsigned int, unsigned int*) (in /home/sfx/dahua/so/libdhnetsdk.so)
==27956==    by 0x5696493: CManager::Init(void (*)(long, char*, int, long), long, int) (in /home/sfx/dahua/so/libdhnetsdk.so)
==27956==    by 0x560ECE1: CLIENT_InitEx (in /home/sfx/dahua/so/libdhnetsdk.so)
==27956==    by 0x560EC4F: CLIENT_Init (in /home/sfx/dahua/so/libdhnetsdk.so)
==27956==    by 0x45B69F: NvrControl::DM_InitSDK() (Nvr_Control.cpp:15)
==27956==    by 0x4090E8: main (main.cpp:167)
==27956== 
==27956== 288 bytes in 1 blocks are possibly lost in loss record 2,460 of 2,565
==27956==    at 0x4A05EDF: calloc (vg_replace_malloc.c:710)
==27956==    by 0x31FC611812: _dl_allocate_tls (in /lib64/ld-2.12.so)
==27956==    by 0x31FD607068: pthread_create@@GLIBC_2.2.5 (in /lib64/libpthread-2.12.so)
==27956==    by 0x5957B88: CreateThreadEx(COSThread&, unsigned int, unsigned int (*)(void*), void*, unsigned int, unsigned int*) (in /home/sfx/dahua/so/libdhnetsdk.so)
==27956==    by 0x56964D6: CManager::Init(void (*)(long, char*, int, long), long, int) (in /home/sfx/dahua/so/libdhnetsdk.so)
==27956==    by 0x560ECE1: CLIENT_InitEx (in /home/sfx/dahua/so/libdhnetsdk.so)
==27956==    by 0x560EC4F: CLIENT_Init (in /home/sfx/dahua/so/libdhnetsdk.so)
==27956==    by 0x45B69F: NvrControl::DM_InitSDK() (Nvr_Control.cpp:15)
==27956==    by 0x4090E8: main (main.cpp:167)
==27956== 
==27956== 288 bytes in 1 blocks are possibly lost in loss record 2,461 of 2,565
==27956==    at 0x4A05EDF: calloc (vg_replace_malloc.c:710)
==27956==    by 0x31FC611812: _dl_allocate_tls (in /lib64/ld-2.12.so)
==27956==    by 0x31FD607068: pthread_create@@GLIBC_2.2.5 (in /lib64/libpthread-2.12.so)
==27956==    by 0x31FDE050E8: __start_helper_thread (in /lib64/librt-2.12.so)
==27956==    by 0x31FD60CB22: pthread_once (in /lib64/libpthread-2.12.so)
==27956==    by 0x31FDE040EC: timer_create@@GLIBC_2.3.3 (in /lib64/librt-2.12.so)
==27956==    by 0x31FDE04231: timer_create@GLIBC_2.2.5 (in /lib64/librt-2.12.so)
==27956==    by 0xAAB8F85: Dahua::NetFramework::CNetThread::CreateThreadPool(unsigned int, bool) (in /home/sfx/dahua/so/libNetFramework.so)
==27956==    by 0xA1257BF: AV_NETSDK::CDeviceFunMdl::network_startup(int) (in /home/sfx/dahua/so/libavnetsdk.so)
==27956==    by 0xA1341D6: AV_NETSDK::CManager::Init(int) (in /home/sfx/dahua/so/libavnetsdk.so)
==27956==    by 0xA0FD596: AV_Startup (in /home/sfx/dahua/so/libavnetsdk.so)
==27956==    by 0x548225F: CAVNetSDKMgr::Startup(int) (in /home/sfx/dahua/so/libdhnetsdk.so)
==27956== 
==27956== 288 bytes in 1 blocks are possibly lost in loss record 2,462 of 2,565
==27956==    at 0x4A05EDF: calloc (vg_replace_malloc.c:710)
==27956==    by 0x31FC611812: _dl_allocate_tls (in /lib64/ld-2.12.so)
==27956==    by 0x31FD607068: pthread_create@@GLIBC_2.2.5 (in /lib64/libpthread-2.12.so)
==27956==    by 0x5957B88: CreateThreadEx(COSThread&, unsigned int, unsigned int (*)(void*), void*, unsigned int, unsigned int*) (in /home/sfx/dahua/so/libdhnetsdk.so)
==27956==    by 0xA12559B: AV_NETSDK::CDeviceFunMdl::Init() (in /home/sfx/dahua/so/libavnetsdk.so)
==27956==    by 0xA134231: AV_NETSDK::CManager::Init(int) (in /home/sfx/dahua/so/libavnetsdk.so)
==27956==    by 0xA0FD596: AV_Startup (in /home/sfx/dahua/so/libavnetsdk.so)
==27956==    by 0x548225F: CAVNetSDKMgr::Startup(int) (in /home/sfx/dahua/so/libdhnetsdk.so)
==27956==    by 0x560ED05: CLIENT_InitEx (in /home/sfx/dahua/so/libdhnetsdk.so)
==27956==    by 0x560EC4F: CLIENT_Init (in /home/sfx/dahua/so/libdhnetsdk.so)
==27956==    by 0x45B69F: NvrControl::DM_InitSDK() (Nvr_Control.cpp:15)
==27956==    by 0x4090E8: main (main.cpp:167)
==27956== 
==27956== 288 bytes in 1 blocks are possibly lost in loss record 2,463 of 2,565
==27956==    at 0x4A05EDF: calloc (vg_replace_malloc.c:710)
==27956==    by 0x31FC611812: _dl_allocate_tls (in /lib64/ld-2.12.so)
==27956==    by 0x31FD607068: pthread_create@@GLIBC_2.2.5 (in /lib64/libpthread-2.12.so)
==27956==    by 0x5957B88: CreateThreadEx(COSThread&, unsigned int, unsigned int (*)(void*), void*, unsigned int, unsigned int*) (in /home/sfx/dahua/so/libdhnetsdk.so)
==27956==    by 0xA134283: AV_NETSDK::CManager::Init(int) (in /home/sfx/dahua/so/libavnetsdk.so)
==27956==    by 0xA0FD596: AV_Startup (in /home/sfx/dahua/so/libavnetsdk.so)
==27956==    by 0x548225F: CAVNetSDKMgr::Startup(int) (in /home/sfx/dahua/so/libdhnetsdk.so)
==27956==    by 0x560ED05: CLIENT_InitEx (in /home/sfx/dahua/so/libdhnetsdk.so)
==27956==    by 0x560EC4F: CLIENT_Init (in /home/sfx/dahua/so/libdhnetsdk.so)
==27956==    by 0x45B69F: NvrControl::DM_InitSDK() (Nvr_Control.cpp:15)
==27956==    by 0x4090E8: main (main.cpp:167)
==27956== 
==27956== 288 bytes in 1 blocks are possibly lost in loss record 2,464 of 2,565
==27956==    at 0x4A05EDF: calloc (vg_replace_malloc.c:710)
==27956==    by 0x31FC611812: _dl_allocate_tls (in /lib64/ld-2.12.so)
==27956==    by 0x31FD607068: pthread_create@@GLIBC_2.2.5 (in /lib64/libpthread-2.12.so)
==27956==    by 0x5957B88: CreateThreadEx(COSThread&, unsigned int, unsigned int (*)(void*), void*, unsigned int, unsigned int*) (in /home/sfx/dahua/so/libdhnetsdk.so)
==27956==    by 0xA1342C6: AV_NETSDK::CManager::Init(int) (in /home/sfx/dahua/so/libavnetsdk.so)
==27956==    by 0xA0FD596: AV_Startup (in /home/sfx/dahua/so/libavnetsdk.so)
==27956==    by 0x548225F: CAVNetSDKMgr::Startup(int) (in /home/sfx/dahua/so/libdhnetsdk.so)
==27956==    by 0x560ED05: CLIENT_InitEx (in /home/sfx/dahua/so/libdhnetsdk.so)
==27956==    by 0x560EC4F: CLIENT_Init (in /home/sfx/dahua/so/libdhnetsdk.so)
==27956==    by 0x45B69F: NvrControl::DM_InitSDK() (Nvr_Control.cpp:15)
==27956==    by 0x4090E8: main (main.cpp:167)
==27956== 
==27956== 288 bytes in 1 blocks are possibly lost in loss record 2,465 of 2,565
==27956==    at 0x4A05EDF: calloc (vg_replace_malloc.c:710)
==27956==    by 0x31FC611812: _dl_allocate_tls (in /lib64/ld-2.12.so)
==27956==    by 0x31FD607068: pthread_create@@GLIBC_2.2.5 (in /lib64/libpthread-2.12.so)
==27956==    by 0x5957B88: CreateThreadEx(COSThread&, unsigned int, unsigned int (*)(void*), void*, unsigned int, unsigned int*) (in /home/sfx/dahua/so/libdhnetsdk.so)
==27956==    by 0xA134305: AV_NETSDK::CManager::Init(int) (in /home/sfx/dahua/so/libavnetsdk.so)
==27956==    by 0xA0FD596: AV_Startup (in /home/sfx/dahua/so/libavnetsdk.so)
==27956==    by 0x548225F: CAVNetSDKMgr::Startup(int) (in /home/sfx/dahua/so/libdhnetsdk.so)
==27956==    by 0x560ED05: CLIENT_InitEx (in /home/sfx/dahua/so/libdhnetsdk.so)
==27956==    by 0x560EC4F: CLIENT_Init (in /home/sfx/dahua/so/libdhnetsdk.so)
==27956==    by 0x45B69F: NvrControl::DM_InitSDK() (Nvr_Control.cpp:15)
==27956==    by 0x4090E8: main (main.cpp:167)
==27956== 
==27956== 288 bytes in 1 blocks are possibly lost in loss record 2,466 of 2,565
==27956==    at 0x4A05EDF: calloc (vg_replace_malloc.c:710)
==27956==    by 0x31FC611812: _dl_allocate_tls (in /lib64/ld-2.12.so)
==27956==    by 0x31FD607068: pthread_create@@GLIBC_2.2.5 (in /lib64/libpthread-2.12.so)
==27956==    by 0x4091B6: main (main.cpp:183)
==27956== 
==27956== 1,152 bytes in 4 blocks are possibly lost in loss record 2,529 of 2,565
==27956==    at 0x4A05EDF: calloc (vg_replace_malloc.c:710)
==27956==    by 0x31FC611812: _dl_allocate_tls (in /lib64/ld-2.12.so)
==27956==    by 0x31FD607068: pthread_create@@GLIBC_2.2.5 (in /lib64/libpthread-2.12.so)
==27956==    by 0x5957B88: CreateThreadEx(COSThread&, unsigned int, unsigned int (*)(void*), void*, unsigned int, unsigned int*) (in /home/sfx/dahua/so/libdhnetsdk.so)
==27956==    by 0x59F50FF: NET_TOOL::TPObject::Startup(int) (in /home/sfx/dahua/so/libdhnetsdk.so)
==27956==    by 0x59E2A7C: CTcpSocket::InitNetwork(int) (in /home/sfx/dahua/so/libdhnetsdk.so)
==27956==    by 0x59ECC7F: network_startup(int) (in /home/sfx/dahua/so/libdhnetsdk.so)
==27956==    by 0x5695F78: CManager::Init(void (*)(long, char*, int, long), long, int) (in /home/sfx/dahua/so/libdhnetsdk.so)
==27956==    by 0x560ECE1: CLIENT_InitEx (in /home/sfx/dahua/so/libdhnetsdk.so)
==27956==    by 0x560EC4F: CLIENT_Init (in /home/sfx/dahua/so/libdhnetsdk.so)
==27956==    by 0x45B69F: NvrControl::DM_InitSDK() (Nvr_Control.cpp:15)
==27956==    by 0x4090E8: main (main.cpp:167)
==27956== 
==27956== 1,152 bytes in 4 blocks are possibly lost in loss record 2,530 of 2,565
==27956==    at 0x4A05EDF: calloc (vg_replace_malloc.c:710)
==27956==    by 0x31FC611812: _dl_allocate_tls (in /lib64/ld-2.12.so)
==27956==    by 0x31FD607068: pthread_create@@GLIBC_2.2.5 (in /lib64/libpthread-2.12.so)
==27956==    by 0x5957B88: CreateThreadEx(COSThread&, unsigned int, unsigned int (*)(void*), void*, unsigned int, unsigned int*) (in /home/sfx/dahua/so/libdhnetsdk.so)
==27956==    by 0x59F50FF: NET_TOOL::TPObject::Startup(int) (in /home/sfx/dahua/so/libdhnetsdk.so)
==27956==    by 0xA15F9A2: AV_NETSDK::CTcpSocket::InitNetwork(int) (in /home/sfx/dahua/so/libavnetsdk.so)
==27956==    by 0xA1257AC: AV_NETSDK::CDeviceFunMdl::network_startup(int) (in /home/sfx/dahua/so/libavnetsdk.so)
==27956==    by 0xA1341D6: AV_NETSDK::CManager::Init(int) (in /home/sfx/dahua/so/libavnetsdk.so)
==27956==    by 0xA0FD596: AV_Startup (in /home/sfx/dahua/so/libavnetsdk.so)
==27956==    by 0x548225F: CAVNetSDKMgr::Startup(int) (in /home/sfx/dahua/so/libdhnetsdk.so)
==27956==    by 0x560ED05: CLIENT_InitEx (in /home/sfx/dahua/so/libdhnetsdk.so)
==27956==    by 0x560EC4F: CLIENT_Init (in /home/sfx/dahua/so/libdhnetsdk.so)
==27956== 
==27956== 2,304 bytes in 8 blocks are possibly lost in loss record 2,532 of 2,565
==27956==    at 0x4A05EDF: calloc (vg_replace_malloc.c:710)
==27956==    by 0x31FC611812: _dl_allocate_tls (in /lib64/ld-2.12.so)
==27956==    by 0x31FD607068: pthread_create@@GLIBC_2.2.5 (in /lib64/libpthread-2.12.so)
==27956==    by 0x67C1FA3: Dahua::Infra::CThread::createThread() (Thread.cpp:413)
==27956==    by 0xAAB924F: Dahua::NetFramework::CNetThread::CreateThreadPool(unsigned int, bool) (in /home/sfx/dahua/so/libNetFramework.so)
==27956==    by 0xA1257BF: AV_NETSDK::CDeviceFunMdl::network_startup(int) (in /home/sfx/dahua/so/libavnetsdk.so)
==27956==    by 0xA1341D6: AV_NETSDK::CManager::Init(int) (in /home/sfx/dahua/so/libavnetsdk.so)
==27956==    by 0xA0FD596: AV_Startup (in /home/sfx/dahua/so/libavnetsdk.so)
==27956==    by 0x548225F: CAVNetSDKMgr::Startup(int) (in /home/sfx/dahua/so/libdhnetsdk.so)
==27956==    by 0x560ED05: CLIENT_InitEx (in /home/sfx/dahua/so/libdhnetsdk.so)
==27956==    by 0x560EC4F: CLIENT_Init (in /home/sfx/dahua/so/libdhnetsdk.so)
==27956==    by 0x45B69F: NvrControl::DM_InitSDK() (Nvr_Control.cpp:15)
==27956== 
==27956== 5,760 bytes in 20 blocks are possibly lost in loss record 2,538 of 2,565
==27956==    at 0x4A05EDF: calloc (vg_replace_malloc.c:710)
==27956==    by 0x31FC611812: _dl_allocate_tls (in /lib64/ld-2.12.so)
==27956==    by 0x31FD607068: pthread_create@@GLIBC_2.2.5 (in /lib64/libpthread-2.12.so)
==27956==    by 0x40A399: C_ThreadManage::InitThreadData() (C_ThreadManage.cpp:285)
==27956==    by 0x409099: main (main.cpp:115)
==27956== 
==27956== 8,192 bytes in 1 blocks are possibly lost in loss record 2,541 of 2,565
==27956==    at 0x4A0717A: malloc (vg_replace_malloc.c:298)
==27956==    by 0x99167C2: allocator_alloc (apr_pools.c:349)
==27956==    by 0x99167C2: apr_pool_create_ex (apr_pools.c:891)
==27956==    by 0x99168F6: apr_pool_initialize (apr_pools.c:592)
==27956==    by 0x9918556: apr_initialize (start.c:55)
==27956==    by 0x88739A8: log4cxx::helpers::APRInitializer::APRInitializer() (aprinitializer.cpp:34)
==27956==    by 0x8873A3B: log4cxx::helpers::APRInitializer::getInstance() (aprinitializer.cpp:50)
==27956==    by 0x8873AD8: log4cxx::helpers::APRInitializer::initialize() (aprinitializer.cpp:56)
==27956==    by 0x88C5C31: log4cxx::helpers::ObjectImpl::ObjectImpl() (objectimpl.cpp:30)
==27956==    by 0x8879F3C: log4cxx::helpers::CharsetDecoder::CharsetDecoder() (charsetdecoder.cpp:413)
==27956==    by 0x8879FBF: LocaleCharsetDecoder (charsetdecoder.cpp:360)
==27956==    by 0x8879FBF: log4cxx::helpers::CharsetDecoder::createDefaultDecoder() (charsetdecoder.cpp:430)
==27956==    by 0x887A944: log4cxx::helpers::CharsetDecoder::getDefaultDecoder() (charsetdecoder.cpp:435)
==27956==    by 0x8905E9E: log4cxx::helpers::Transcoder::decode(std::string const&, std::string&) (transcoder.cpp:247)
==27956== 
==27956== 8,192 bytes in 1 blocks are possibly lost in loss record 2,542 of 2,565
==27956==    at 0x4A0717A: malloc (vg_replace_malloc.c:298)
==27956==    by 0x99167C2: allocator_alloc (apr_pools.c:349)
==27956==    by 0x99167C2: apr_pool_create_ex (apr_pools.c:891)
==27956==    by 0x991856C: apr_initialize (start.c:58)
==27956==    by 0x88739A8: log4cxx::helpers::APRInitializer::APRInitializer() (aprinitializer.cpp:34)
==27956==    by 0x8873A3B: log4cxx::helpers::APRInitializer::getInstance() (aprinitializer.cpp:50)
==27956==    by 0x8873AD8: log4cxx::helpers::APRInitializer::initialize() (aprinitializer.cpp:56)
==27956==    by 0x88C5C31: log4cxx::helpers::ObjectImpl::ObjectImpl() (objectimpl.cpp:30)
==27956==    by 0x8879F3C: log4cxx::helpers::CharsetDecoder::CharsetDecoder() (charsetdecoder.cpp:413)
==27956==    by 0x8879FBF: LocaleCharsetDecoder (charsetdecoder.cpp:360)
==27956==    by 0x8879FBF: log4cxx::helpers::CharsetDecoder::createDefaultDecoder() (charsetdecoder.cpp:430)
==27956==    by 0x887A944: log4cxx::helpers::CharsetDecoder::getDefaultDecoder() (charsetdecoder.cpp:435)
==27956==    by 0x8905E9E: log4cxx::helpers::Transcoder::decode(std::string const&, std::string&) (transcoder.cpp:247)
==27956==    by 0x88962E0: decodeLS<char> (file.cpp:45)
==27956==    by 0x88962E0: log4cxx::File::File(std::string const&) (file.cpp:51)
==27956== 
==27956== 8,192 bytes in 1 blocks are possibly lost in loss record 2,543 of 2,565
==27956==    at 0x4A0717A: malloc (vg_replace_malloc.c:298)
==27956==    by 0x99167C2: allocator_alloc (apr_pools.c:349)
==27956==    by 0x99167C2: apr_pool_create_ex (apr_pools.c:891)
==27956==    by 0x88739B6: log4cxx::helpers::APRInitializer::APRInitializer() (aprinitializer.cpp:35)
==27956==    by 0x8873A3B: log4cxx::helpers::APRInitializer::getInstance() (aprinitializer.cpp:50)
==27956==    by 0x8873AD8: log4cxx::helpers::APRInitializer::initialize() (aprinitializer.cpp:56)
==27956==    by 0x88C5C31: log4cxx::helpers::ObjectImpl::ObjectImpl() (objectimpl.cpp:30)
==27956==    by 0x8879F3C: log4cxx::helpers::CharsetDecoder::CharsetDecoder() (charsetdecoder.cpp:413)
==27956==    by 0x8879FBF: LocaleCharsetDecoder (charsetdecoder.cpp:360)
==27956==    by 0x8879FBF: log4cxx::helpers::CharsetDecoder::createDefaultDecoder() (charsetdecoder.cpp:430)
==27956==    by 0x887A944: log4cxx::helpers::CharsetDecoder::getDefaultDecoder() (charsetdecoder.cpp:435)
==27956==    by 0x8905E9E: log4cxx::helpers::Transcoder::decode(std::string const&, std::string&) (transcoder.cpp:247)
==27956==    by 0x88962E0: decodeLS<char> (file.cpp:45)
==27956==    by 0x88962E0: log4cxx::File::File(std::string const&) (file.cpp:51)
==27956==    by 0x46B819: MyLogger::Init(std::string, std::string) (MyLogger.cpp:16)
==27956== 
==27956== 8,192 bytes in 1 blocks are possibly lost in loss record 2,544 of 2,565
==27956==    at 0x4A0717A: malloc (vg_replace_malloc.c:298)
==27956==    by 0x99167C2: allocator_alloc (apr_pools.c:349)
==27956==    by 0x99167C2: apr_pool_create_ex (apr_pools.c:891)
==27956==    by 0x88D5ADF: log4cxx::helpers::Pool::Pool() (pool.cpp:34)
==27956==    by 0x8879FD9: LocaleCharsetDecoder (charsetdecoder.cpp:360)
==27956==    by 0x8879FD9: log4cxx::helpers::CharsetDecoder::createDefaultDecoder() (charsetdecoder.cpp:430)
==27956==    by 0x887A944: log4cxx::helpers::CharsetDecoder::getDefaultDecoder() (charsetdecoder.cpp:435)
==27956==    by 0x8905E9E: log4cxx::helpers::Transcoder::decode(std::string const&, std::string&) (transcoder.cpp:247)
==27956==    by 0x88962E0: decodeLS<char> (file.cpp:45)
==27956==    by 0x88962E0: log4cxx::File::File(std::string const&) (file.cpp:51)
==27956==    by 0x46B819: MyLogger::Init(std::string, std::string) (MyLogger.cpp:16)
==27956==    by 0x408CD4: main (main.cpp:109)
==27956== 
==27956== 8,192 bytes in 1 blocks are possibly lost in loss record 2,545 of 2,565
==27956==    at 0x4A0717A: malloc (vg_replace_malloc.c:298)
==27956==    by 0x99167C2: allocator_alloc (apr_pools.c:349)
==27956==    by 0x99167C2: apr_pool_create_ex (apr_pools.c:891)
==27956==    by 0x88D5ADF: log4cxx::helpers::Pool::Pool() (pool.cpp:34)
==27956==    by 0x88A2349: log4cxx::Hierarchy::Hierarchy() (hierarchy.cpp:55)
==27956==    by 0x88BB624: log4cxx::LogManager::getLoggerRepository() (logmanager.cpp:87)
==27956==    by 0x88DC8EA: log4cxx::PropertyConfigurator::configure(log4cxx::File const&) (propertyconfigurator.cpp:118)
==27956==    by 0x46B825: MyLogger::Init(std::string, std::string) (MyLogger.cpp:16)
==27956==    by 0x408CD4: main (main.cpp:109)
==27956== 
==27956== 8,192 bytes in 1 blocks are possibly lost in loss record 2,546 of 2,565
==27956==    at 0x4A0717A: malloc (vg_replace_malloc.c:298)
==27956==    by 0x99167C2: allocator_alloc (apr_pools.c:349)
==27956==    by 0x99167C2: apr_pool_create_ex (apr_pools.c:891)
==27956==    by 0x88D5ADF: log4cxx::helpers::Pool::Pool() (pool.cpp:34)
==27956==    by 0x889993F: log4cxx::helpers::FileInputStream::FileInputStream(log4cxx::File const&) (fileinputstream.cpp:54)
==27956==    by 0x88DC579: log4cxx::PropertyConfigurator::doConfigure(log4cxx::File const&, log4cxx::helpers::ObjectPtrT<log4cxx::spi::LoggerRepository>&) (propertyconfigurator.cpp:100)
==27956==    by 0x88DC903: log4cxx::PropertyConfigurator::configure(log4cxx::File const&) (propertyconfigurator.cpp:118)
==27956==    by 0x46B825: MyLogger::Init(std::string, std::string) (MyLogger.cpp:16)
==27956==    by 0x408CD4: main (main.cpp:109)
==27956== 
==27956== 8,192 bytes in 1 blocks are possibly lost in loss record 2,547 of 2,565
==27956==    at 0x4A0717A: malloc (vg_replace_malloc.c:298)
==27956==    by 0x99167C2: allocator_alloc (apr_pools.c:349)
==27956==    by 0x99167C2: apr_pool_create_ex (apr_pools.c:891)
==27956==    by 0x88D5ADF: log4cxx::helpers::Pool::Pool() (pool.cpp:34)
==27956==    by 0x887BB79: LocaleCharsetEncoder (charsetencoder.cpp:370)
==27956==    by 0x887BB79: log4cxx::helpers::CharsetEncoder::createDefaultEncoder() (charsetencoder.cpp:458)
==27956==    by 0x887C3E4: log4cxx::helpers::CharsetEncoder::getDefaultEncoder() (charsetencoder.cpp:436)
==27956==    by 0x8905CF1: log4cxx::helpers::Transcoder::encode(std::string const&, std::string&) (transcoder.cpp:288)
==27956==    by 0x8906073: log4cxx::helpers::Transcoder::encode(std::string const&, log4cxx::helpers::Pool&) (transcoder.cpp:277)
==27956==    by 0x88963A2: log4cxx::File::getPath(log4cxx::helpers::Pool&) const (file.cpp:126)
==27956==    by 0x88966E6: log4cxx::File::open(apr_file_t**, int, int, log4cxx::helpers::Pool&) const (file.cpp:133)
==27956==    by 0x8899958: log4cxx::helpers::FileInputStream::FileInputStream(log4cxx::File const&) (fileinputstream.cpp:57)
==27956==    by 0x88DC579: log4cxx::PropertyConfigurator::doConfigure(log4cxx::File const&, log4cxx::helpers::ObjectPtrT<log4cxx::spi::LoggerRepository>&) (propertyconfigurator.cpp:100)
==27956==    by 0x88DC903: log4cxx::PropertyConfigurator::configure(log4cxx::File const&) (propertyconfigurator.cpp:118)
==27956== 
==27956== 8,192 bytes in 1 blocks are possibly lost in loss record 2,548 of 2,565
==27956==    at 0x4A0717A: malloc (vg_replace_malloc.c:298)
==27956==    by 0x99167C2: allocator_alloc (apr_pools.c:349)
==27956==    by 0x99167C2: apr_pool_create_ex (apr_pools.c:891)
==27956==    by 0x88D5ADF: log4cxx::helpers::Pool::Pool() (pool.cpp:34)
==27956==    by 0x88D6214: log4cxx::helpers::Properties::load(log4cxx::helpers::ObjectPtrT<log4cxx::helpers::InputStream>) (properties.cpp:347)
==27956==    by 0x88DC5E1: log4cxx::PropertyConfigurator::doConfigure(log4cxx::File const&, log4cxx::helpers::ObjectPtrT<log4cxx::spi::LoggerRepository>&) (propertyconfigurator.cpp:101)
==27956==    by 0x88DC903: log4cxx::PropertyConfigurator::configure(log4cxx::File const&) (propertyconfigurator.cpp:118)
==27956==    by 0x46B825: MyLogger::Init(std::string, std::string) (MyLogger.cpp:16)
==27956==    by 0x408CD4: main (main.cpp:109)
==27956== 
==27956== 8,192 bytes in 1 blocks are possibly lost in loss record 2,549 of 2,565
==27956==    at 0x4A0717A: malloc (vg_replace_malloc.c:298)
==27956==    by 0x99167C2: allocator_alloc (apr_pools.c:349)
==27956==    by 0x99167C2: apr_pool_create_ex (apr_pools.c:891)
==27956==    by 0x88D5ADF: log4cxx::helpers::Pool::Pool() (pool.cpp:34)
==27956==    by 0x88D9A7D: log4cxx::PropertyConfigurator::parseAppender(log4cxx::helpers::Properties&, std::string const&) (propertyconfigurator.cpp:412)
==27956==    by 0x88DAC86: log4cxx::PropertyConfigurator::parseLogger(log4cxx::helpers::Properties&, log4cxx::helpers::ObjectPtrT<log4cxx::Logger>&, std::string const&, std::string const&, std::string const&) (propertyconfigurator.cpp:369)
==27956==    by 0x88DBD7D: log4cxx::PropertyConfigurator::configureRootLogger(log4cxx::helpers::Properties&, log4cxx::helpers::ObjectPtrT<log4cxx::spi::LoggerRepository>&) (propertyconfigurator.cpp:228)
==27956==    by 0x88DC2DA: log4cxx::PropertyConfigurator::doConfigure(log4cxx::helpers::Properties&, log4cxx::helpers::ObjectPtrT<log4cxx::spi::LoggerRepository>&) (propertyconfigurator.cpp:168)
==27956==    by 0x88DC635: log4cxx::PropertyConfigurator::doConfigure(log4cxx::File const&, log4cxx::helpers::ObjectPtrT<log4cxx::spi::LoggerRepository>&) (propertyconfigurator.cpp:109)
==27956==    by 0x88DC903: log4cxx::PropertyConfigurator::configure(log4cxx::File const&) (propertyconfigurator.cpp:118)
==27956==    by 0x46B825: MyLogger::Init(std::string, std::string) (MyLogger.cpp:16)
==27956==    by 0x408CD4: main (main.cpp:109)
==27956== 
==27956== 32,768 bytes in 4 blocks are possibly lost in loss record 2,556 of 2,565
==27956==    at 0x4A0717A: malloc (vg_replace_malloc.c:298)
==27956==    by 0x99167C2: allocator_alloc (apr_pools.c:349)
==27956==    by 0x99167C2: apr_pool_create_ex (apr_pools.c:891)
==27956==    by 0x88D5ADF: log4cxx::helpers::Pool::Pool() (pool.cpp:34)
==27956==    by 0x889AF52: log4cxx::helpers::FileOutputStream::FileOutputStream(std::string const&, bool) (fileoutputstream.cpp:35)
==27956==    by 0x8897825: log4cxx::FileAppender::setFile(std::string const&, bool, bool, unsigned long, log4cxx::helpers::Pool&) (fileappender.cpp:269)
==27956==    by 0x88981E2: log4cxx::FileAppender::activateOptions(log4cxx::helpers::Pool&) (fileappender.cpp:155)
==27956==    by 0x88E1A59: log4cxx::rolling::RollingFileAppenderSkeleton::activateOptions(log4cxx::helpers::Pool&) (rollingfileappender.cpp:111)
==27956==    by 0x88C79FA: log4cxx::RollingFileAppender::activateOptions(log4cxx::helpers::Pool&) (obsoleterollingfileappender.cpp:152)
==27956==    by 0x88DDE7D: log4cxx::config::PropertySetter::activate(log4cxx::helpers::Pool&) (propertysetter.cpp:102)
==27956==    by 0x88DE57E: log4cxx::config::PropertySetter::setProperties(log4cxx::helpers::Properties&, std::string const&, log4cxx::helpers::Pool&) (propertysetter.cpp:80)
==27956==    by 0x88DE79C: log4cxx::config::PropertySetter::setProperties(log4cxx::helpers::ObjectPtrT<log4cxx::helpers::Object> const&, log4cxx::helpers::Properties&, std::string const&, log4cxx::helpers::Pool&) (propertysetter.cpp:43)
==27956==    by 0x88D9D3B: log4cxx::PropertyConfigurator::parseAppender(log4cxx::helpers::Properties&, std::string const&) (propertyconfigurator.cpp:433)
==27956== 
==27956== 32,768 bytes in 4 blocks are possibly lost in loss record 2,557 of 2,565
==27956==    at 0x4A0717A: malloc (vg_replace_malloc.c:298)
==27956==    by 0x99167C2: allocator_alloc (apr_pools.c:349)
==27956==    by 0x99167C2: apr_pool_create_ex (apr_pools.c:891)
==27956==    by 0x88D5ADF: log4cxx::helpers::Pool::Pool() (pool.cpp:34)
==27956==    by 0x88D9A7D: log4cxx::PropertyConfigurator::parseAppender(log4cxx::helpers::Properties&, std::string const&) (propertyconfigurator.cpp:412)
==27956==    by 0x88DAC86: log4cxx::PropertyConfigurator::parseLogger(log4cxx::helpers::Properties&, log4cxx::helpers::ObjectPtrT<log4cxx::Logger>&, std::string const&, std::string const&, std::string const&) (propertyconfigurator.cpp:369)
==27956==    by 0x88DB7D2: log4cxx::PropertyConfigurator::parseCatsAndRenderers(log4cxx::helpers::Properties&, log4cxx::helpers::ObjectPtrT<log4cxx::spi::LoggerRepository>&) (propertyconfigurator.cpp:263)
==27956==    by 0x88DC2F3: log4cxx::PropertyConfigurator::doConfigure(log4cxx::helpers::Properties&, log4cxx::helpers::ObjectPtrT<log4cxx::spi::LoggerRepository>&) (propertyconfigurator.cpp:170)
==27956==    by 0x88DC635: log4cxx::PropertyConfigurator::doConfigure(log4cxx::File const&, log4cxx::helpers::ObjectPtrT<log4cxx::spi::LoggerRepository>&) (propertyconfigurator.cpp:109)
==27956==    by 0x88DC903: log4cxx::PropertyConfigurator::configure(log4cxx::File const&) (propertyconfigurator.cpp:118)
==27956==    by 0x46B825: MyLogger::Init(std::string, std::string) (MyLogger.cpp:16)
==27956==    by 0x408CD4: main (main.cpp:109)
==27956== 
==27956== LEAK SUMMARY:
==27956==    definitely lost: 468 bytes in 4 blocks
==27956==    indirectly lost: 0 bytes in 0 blocks
==27956==      possibly lost: 154,816 bytes in 71 blocks
==27956==    still reachable: 63,822,138 bytes in 8,142 blocks
==27956==                       of which reachable via heuristic:
==27956==                         stdstring          : 64,863 bytes in 2,015 blocks
==27956==                         newarray           : 1,680 bytes in 2 blocks
==27956==         suppressed: 0 bytes in 0 blocks
==27956== Reachable blocks (those to which a pointer was found) are not shown.
==27956== To see them, rerun with: --leak-check=full --show-leak-kinds=all
==27956== 
==27956== For counts of detected and suppressed errors, rerun with: -v
==27956== ERROR SUMMARY: 1475 errors from 78 contexts (suppressed: 4 from 4)
